2025-04-04 10:47:14 1743763634.910451 [message] [tgen-main.c:43] [_tgenmain_run] Initializing TGen v1.1.2 running GLib v2.80.0 and IGraph v0.10.10 on host 0a27a259e854 with process id 7
2025-04-04 10:47:14 1743763634.910485 [message] [tgen-main.c:83] [_tgenmain_run] Set SIG_IGN for signal SIGPIPE
2025-04-04 10:47:14 1743763634.910814 [message] [tgen-graph.c:1307] [tgengraph_new] successfully loaded graphml file 'server.tgenrc.graphml' and validated actions: graph is weakly connected with 1 cluster, 1 vertex, and 0 edges
2025-04-04 10:47:14 1743763634.910825 [message] [tgen-log.c:76] [tgenlog_setLogFilterLevel] Changed log level filter from 'default' to 'message'
2025-04-04 10:47:14 1743763634.911024 [message] [tgen-server.c:164] [tgenserver_new] server listening at 0.0.0.0:8080
2025-04-04 10:47:14 1743763634.911057 [message] [tgen-driver.c:675] [_tgendriver_startServerHelper] Started server on port 8080 using descriptor 5
2025-04-04 10:47:14 1743763634.911080 [message] [tgen-main.c:137] [_tgenmain_run] entering main loop to watch descriptors
2025-04-04 10:47:17 1743763637.909202 [message] [tgen-driver.c:254] [_tgendriver_onHeartbeat] [driver-heartbeat] [bytes-read=0,bytes-written=0]
2025-04-04 10:47:20 1743763640.909928 [message] [tgen-driver.c:254] [_tgendriver_onHeartbeat] [driver-heartbeat] [bytes-read=0,bytes-written=0]
2025-04-04 10:47:23 1743763643.910230 [message] [tgen-driver.c:254] [_tgendriver_onHeartbeat] [driver-heartbeat] [bytes-read=0,bytes-written=0]
2025-04-04 10:47:26 1743763646.911255 [message] [tgen-driver.c:254] [_tgendriver_onHeartbeat] [driver-heartbeat] [bytes-read=0,bytes-written=0]
2025-04-04 10:47:29 1743763649.909387 [message] [tgen-driver.c:254] [_tgendriver_onHeartbeat] [driver-heartbeat] [bytes-read=0,bytes-written=0]
2025-04-04 10:47:32 1743763652.909248 [message] [tgen-driver.c:254] [_tgendriver_onHeartbeat] [driver-heartbeat] [bytes-read=0,bytes-written=0]
2025-04-04 10:47:35 1743763655.909178 [message] [tgen-driver.c:254] [_tgendriver_onHeartbeat] [driver-heartbeat] [bytes-read=0,bytes-written=0]
2025-04-04 10:47:38 1743763658.910082 [message] [tgen-driver.c:254] [_tgendriver_onHeartbeat] [driver-heartbeat] [bytes-read=0,bytes-written=0]
2025-04-04 10:47:41 1743763661.909225 [message] [tgen-driver.c:254] [_tgendriver_onHeartbeat] [driver-heartbeat] [bytes-read=0,bytes-written=0]
2025-04-04 10:47:44 1743763664.909270 [message] [tgen-driver.c:254] [_tgendriver_onHeartbeat] [driver-heartbeat] [bytes-read=0,bytes-written=0]
2025-04-04 10:47:47 1743763667.908803 [message] [tgen-driver.c:254] [_tgendriver_onHeartbeat] [driver-heartbeat] [bytes-read=0,bytes-written=0]
2025-04-04 10:47:50 1743763670.908805 [message] [tgen-driver.c:254] [_tgendriver_onHeartbeat] [driver-heartbeat] [bytes-read=0,bytes-written=0]
2025-04-04 10:47:53 1743763673.910371 [message] [tgen-driver.c:254] [_tgendriver_onHeartbeat] [driver-heartbeat] [bytes-read=0,bytes-written=0]
2025-04-04 10:47:56 1743763676.908798 [message] [tgen-driver.c:254] [_tgendriver_onHeartbeat] [driver-heartbeat] [bytes-read=0,bytes-written=0]
2025-04-04 10:47:59 1743763679.908810 [message] [tgen-driver.c:254] [_tgendriver_onHeartbeat] [driver-heartbeat] [bytes-read=0,bytes-written=0]
2025-04-04 10:48:02 1743763682.908792 [message] [tgen-driver.c:254] [_tgendriver_onHeartbeat] [driver-heartbeat] [bytes-read=0,bytes-written=0]
2025-04-04 10:48:05 1743763685.908791 [message] [tgen-driver.c:254] [_tgendriver_onHeartbeat] [driver-heartbeat] [bytes-read=0,bytes-written=0]
2025-04-04 10:48:08 1743763688.908810 [message] [tgen-driver.c:254] [_tgendriver_onHeartbeat] [driver-heartbeat] [bytes-read=0,bytes-written=0]
2025-04-04 10:48:11 1743763691.908826 [message] [tgen-driver.c:254] [_tgendriver_onHeartbeat] [driver-heartbeat] [bytes-read=0,bytes-written=0]
2025-04-04 10:48:14 1743763694.909055 [message] [tgen-driver.c:254] [_tgendriver_onHeartbeat] [driver-heartbeat] [bytes-read=0,bytes-written=0]
2025-04-04 10:48:17 1743763697.912427 [message] [tgen-driver.c:254] [_tgendriver_onHeartbeat] [driver-heartbeat] [bytes-read=0,bytes-written=0]
2025-04-04 10:48:20 1743763700.912397 [message] [tgen-driver.c:254] [_tgendriver_onHeartbeat] [driver-heartbeat] [bytes-read=0,bytes-written=0]
2025-04-04 10:48:23 1743763703.912661 [message] [tgen-driver.c:254] [_tgendriver_onHeartbeat] [driver-heartbeat] [bytes-read=0,bytes-written=0]
2025-04-04 10:48:26 1743763706.912685 [message] [tgen-driver.c:254] [_tgendriver_onHeartbeat] [driver-heartbeat] [bytes-read=0,bytes-written=0]
2025-04-04 10:48:29 1743763709.912652 [message] [tgen-driver.c:254] [_tgendriver_onHeartbeat] [driver-heartbeat] [bytes-read=0,bytes-written=0]
2025-04-04 10:48:32 1743763712.912592 [message] [tgen-driver.c:254] [_tgendriver_onHeartbeat] [driver-heartbeat] [bytes-read=0,bytes-written=0]
2025-04-04 10:48:35 1743763715.912563 [message] [tgen-driver.c:254] [_tgendriver_onHeartbeat] [driver-heartbeat] [bytes-read=0,bytes-written=0]
2025-04-04 10:48:38 1743763718.912482 [message] [tgen-driver.c:254] [_tgendriver_onHeartbeat] [driver-heartbeat] [bytes-read=0,bytes-written=0]
2025-04-04 10:48:41 1743763721.912389 [message] [tgen-driver.c:254] [_tgendriver_onHeartbeat] [driver-heartbeat] [bytes-read=0,bytes-written=0]
2025-04-04 10:48:44 1743763724.912443 [message] [tgen-driver.c:254] [_tgendriver_onHeartbeat] [driver-heartbeat] [bytes-read=0,bytes-written=0]
2025-04-04 10:48:47 1743763727.912815 [message] [tgen-driver.c:254] [_tgendriver_onHeartbeat] [driver-heartbeat] [bytes-read=0,bytes-written=0]
2025-04-04 10:48:50 1743763730.912777 [message] [tgen-driver.c:254] [_tgendriver_onHeartbeat] [driver-heartbeat] [bytes-read=0,bytes-written=0]
2025-04-04 10:48:53 1743763733.912830 [message] [tgen-driver.c:254] [_tgendriver_onHeartbeat] [driver-heartbeat] [bytes-read=0,bytes-written=0]
2025-04-04 10:48:56 1743763736.912807 [message] [tgen-driver.c:254] [_tgendriver_onHeartbeat] [driver-heartbeat] [bytes-read=0,bytes-written=0]
2025-04-04 10:48:59 1743763739.912844 [message] [tgen-driver.c:254] [_tgendriver_onHeartbeat] [driver-heartbeat] [bytes-read=0,bytes-written=0]
2025-04-04 10:49:02 1743763742.912947 [message] [tgen-driver.c:254] [_tgendriver_onHeartbeat] [driver-heartbeat] [bytes-read=0,bytes-written=0]
2025-04-04 10:49:05 1743763745.912887 [message] [tgen-driver.c:254] [_tgendriver_onHeartbeat] [driver-heartbeat] [bytes-read=0,bytes-written=0]
2025-04-04 10:49:08 1743763748.912817 [message] [tgen-driver.c:254] [_tgendriver_onHeartbeat] [driver-heartbeat] [bytes-read=0,bytes-written=0]
2025-04-04 10:49:11 1743763751.913072 [message] [tgen-driver.c:254] [_tgendriver_onHeartbeat] [driver-heartbeat] [bytes-read=0,bytes-written=0]
2025-04-04 10:49:14 1743763754.912891 [message] [tgen-driver.c:254] [_tgendriver_onHeartbeat] [driver-heartbeat] [bytes-read=0,bytes-written=0]
2025-04-04 10:49:17 1743763757.913521 [message] [tgen-driver.c:254] [_tgendriver_onHeartbeat] [driver-heartbeat] [bytes-read=0,bytes-written=0]
2025-04-04 10:49:20 1743763760.913539 [message] [tgen-driver.c:254] [_tgendriver_onHeartbeat] [driver-heartbeat] [bytes-read=0,bytes-written=0]
2025-04-04 10:49:23 1743763763.913321 [message] [tgen-driver.c:254] [_tgendriver_onHeartbeat] [driver-heartbeat] [bytes-read=0,bytes-written=0]
2025-04-04 10:49:26 1743763766.913494 [message] [tgen-driver.c:254] [_tgendriver_onHeartbeat] [driver-heartbeat] [bytes-read=0,bytes-written=0]
2025-04-04 10:49:29 1743763769.913475 [message] [tgen-driver.c:254] [_tgendriver_onHeartbeat] [driver-heartbeat] [bytes-read=0,bytes-written=0]
2025-04-04 10:49:32 1743763772.913468 [message] [tgen-driver.c:254] [_tgendriver_onHeartbeat] [driver-heartbeat] [bytes-read=0,bytes-written=0]
2025-04-04 10:49:35 1743763775.913512 [message] [tgen-driver.c:254] [_tgendriver_onHeartbeat] [driver-heartbeat] [bytes-read=0,bytes-written=0]
2025-04-04 10:49:38 1743763778.913262 [message] [tgen-driver.c:254] [_tgendriver_onHeartbeat] [driver-heartbeat] [bytes-read=0,bytes-written=0]
2025-04-04 10:49:41 1743763781.913515 [message] [tgen-driver.c:254] [_tgendriver_onHeartbeat] [driver-heartbeat] [bytes-read=0,bytes-written=0]
2025-04-04 10:49:44 1743763784.913313 [message] [tgen-driver.c:254] [_tgendriver_onHeartbeat] [driver-heartbeat] [bytes-read=0,bytes-written=0]
2025-04-04 10:49:47 1743763787.913820 [message] [tgen-driver.c:254] [_tgendriver_onHeartbeat] [driver-heartbeat] [bytes-read=0,bytes-written=0]
2025-04-04 10:49:50 1743763790.913769 [message] [tgen-driver.c:254] [_tgendriver_onHeartbeat] [driver-heartbeat] [bytes-read=0,bytes-written=0]
2025-04-04 10:49:53 1743763793.913599 [message] [tgen-driver.c:254] [_tgendriver_onHeartbeat] [driver-heartbeat] [bytes-read=0,bytes-written=0]
2025-04-04 10:49:56 1743763796.913646 [message] [tgen-driver.c:254] [_tgendriver_onHeartbeat] [driver-heartbeat] [bytes-read=0,bytes-written=0]
2025-04-04 10:49:59 1743763799.913685 [message] [tgen-driver.c:254] [_tgendriver_onHeartbeat] [driver-heartbeat] [bytes-read=0,bytes-written=0]
2025-04-04 10:50:02 1743763802.913671 [message] [tgen-driver.c:254] [_tgendriver_onHeartbeat] [driver-heartbeat] [bytes-read=0,bytes-written=0]
2025-04-04 10:50:05 1743763805.913846 [message] [tgen-driver.c:254] [_tgendriver_onHeartbeat] [driver-heartbeat] [bytes-read=0,bytes-written=0]
2025-04-04 10:50:08 1743763808.913696 [message] [tgen-driver.c:254] [_tgendriver_onHeartbeat] [driver-heartbeat] [bytes-read=0,bytes-written=0]
2025-04-04 10:50:11 1743763811.913674 [message] [tgen-driver.c:254] [_tgendriver_onHeartbeat] [driver-heartbeat] [bytes-read=0,bytes-written=0]
2025-04-04 10:50:14 1743763814.913692 [message] [tgen-driver.c:254] [_tgendriver_onHeartbeat] [driver-heartbeat] [bytes-read=0,bytes-written=0]
2025-04-04 10:50:17 1743763817.914091 [message] [tgen-driver.c:254] [_tgendriver_onHeartbeat] [driver-heartbeat] [bytes-read=0,bytes-written=0]
2025-04-04 10:50:20 1743763820.914116 [message] [tgen-driver.c:254] [_tgendriver_onHeartbeat] [driver-heartbeat] [bytes-read=0,bytes-written=0]
2025-04-04 10:50:23 1743763823.914081 [message] [tgen-driver.c:254] [_tgendriver_onHeartbeat] [driver-heartbeat] [bytes-read=0,bytes-written=0]
2025-04-04 10:50:26 1743763826.914283 [message] [tgen-driver.c:254] [_tgendriver_onHeartbeat] [driver-heartbeat] [bytes-read=0,bytes-written=0]
2025-04-04 10:50:29 1743763829.914090 [message] [tgen-driver.c:254] [_tgendriver_onHeartbeat] [driver-heartbeat] [bytes-read=0,bytes-written=0]
2025-04-04 10:50:32 1743763832.914343 [message] [tgen-driver.c:254] [_tgendriver_onHeartbeat] [driver-heartbeat] [bytes-read=0,bytes-written=0]
2025-04-04 10:50:35 1743763835.914083 [message] [tgen-driver.c:254] [_tgendriver_onHeartbeat] [driver-heartbeat] [bytes-read=0,bytes-written=0]
2025-04-04 10:50:38 1743763838.914066 [message] [tgen-driver.c:254] [_tgendriver_onHeartbeat] [driver-heartbeat] [bytes-read=0,bytes-written=0]
2025-04-04 10:50:41 1743763841.914061 [message] [tgen-driver.c:254] [_tgendriver_onHeartbeat] [driver-heartbeat] [bytes-read=0,bytes-written=0]
2025-04-04 10:50:44 1743763844.914073 [message] [tgen-driver.c:254] [_tgendriver_onHeartbeat] [driver-heartbeat] [bytes-read=0,bytes-written=0]
2025-04-04 10:50:47 1743763847.914459 [message] [tgen-driver.c:254] [_tgendriver_onHeartbeat] [driver-heartbeat] [bytes-read=0,bytes-written=0]
2025-04-04 10:50:50 1743763850.914467 [message] [tgen-driver.c:254] [_tgendriver_onHeartbeat] [driver-heartbeat] [bytes-read=0,bytes-written=0]
2025-04-04 10:50:53 1743763853.914454 [message] [tgen-driver.c:254] [_tgendriver_onHeartbeat] [driver-heartbeat] [bytes-read=0,bytes-written=0]
2025-04-04 10:50:56 1743763856.914464 [message] [tgen-driver.c:254] [_tgendriver_onHeartbeat] [driver-heartbeat] [bytes-read=0,bytes-written=0]
2025-04-04 10:50:59 1743763859.914467 [message] [tgen-driver.c:254] [_tgendriver_onHeartbeat] [driver-heartbeat] [bytes-read=0,bytes-written=0]
2025-04-04 10:51:02 1743763862.914433 [message] [tgen-driver.c:254] [_tgendriver_onHeartbeat] [driver-heartbeat] [bytes-read=0,bytes-written=0]
2025-04-04 10:51:05 1743763865.914438 [message] [tgen-driver.c:254] [_tgendriver_onHeartbeat] [driver-heartbeat] [bytes-read=0,bytes-written=0]
2025-04-04 10:51:08 1743763868.914485 [message] [tgen-driver.c:254] [_tgendriver_onHeartbeat] [driver-heartbeat] [bytes-read=0,bytes-written=0]
2025-04-04 10:51:11 1743763871.914489 [message] [tgen-driver.c:254] [_tgendriver_onHeartbeat] [driver-heartbeat] [bytes-read=0,bytes-written=0]
2025-04-04 10:51:14 1743763874.914415 [message] [tgen-driver.c:254] [_tgendriver_onHeartbeat] [driver-heartbeat] [bytes-read=0,bytes-written=0]
2025-04-04 10:51:17 1743763877.915279 [message] [tgen-driver.c:254] [_tgendriver_onHeartbeat] [driver-heartbeat] [bytes-read=0,bytes-written=0]
2025-04-04 10:51:20 1743763880.914926 [message] [tgen-driver.c:254] [_tgendriver_onHeartbeat] [driver-heartbeat] [bytes-read=0,bytes-written=0]
2025-04-04 10:51:23 1743763883.915012 [message] [tgen-driver.c:254] [_tgendriver_onHeartbeat] [driver-heartbeat] [bytes-read=0,bytes-written=0]
2025-04-04 10:51:26 1743763886.914964 [message] [tgen-driver.c:254] [_tgendriver_onHeartbeat] [driver-heartbeat] [bytes-read=0,bytes-written=0]
2025-04-04 10:51:29 1743763889.915013 [message] [tgen-driver.c:254] [_tgendriver_onHeartbeat] [driver-heartbeat] [bytes-read=0,bytes-written=0]
2025-04-04 10:51:32 1743763892.915044 [message] [tgen-driver.c:254] [_tgendriver_onHeartbeat] [driver-heartbeat] [bytes-read=0,bytes-written=0]
2025-04-04 10:51:35 1743763895.914996 [message] [tgen-driver.c:254] [_tgendriver_onHeartbeat] [driver-heartbeat] [bytes-read=0,bytes-written=0]
2025-04-04 10:51:38 1743763898.914977 [message] [tgen-driver.c:254] [_tgendriver_onHeartbeat] [driver-heartbeat] [bytes-read=0,bytes-written=0]
2025-04-04 10:51:41 1743763901.914961 [message] [tgen-driver.c:254] [_tgendriver_onHeartbeat] [driver-heartbeat] [bytes-read=0,bytes-written=0]
2025-04-04 10:51:44 1743763904.915010 [message] [tgen-driver.c:254] [_tgendriver_onHeartbeat] [driver-heartbeat] [bytes-read=0,bytes-written=0]
2025-04-04 10:51:47 1743763907.915227 [message] [tgen-driver.c:254] [_tgendriver_onHeartbeat] [driver-heartbeat] [bytes-read=0,bytes-written=0]
2025-04-04 10:51:50 1743763910.915244 [message] [tgen-driver.c:254] [_tgendriver_onHeartbeat] [driver-heartbeat] [bytes-read=0,bytes-written=0]
2025-04-04 10:51:53 1743763913.915224 [message] [tgen-driver.c:254] [_tgendriver_onHeartbeat] [driver-heartbeat] [bytes-read=0,bytes-written=0]
2025-04-04 10:51:56 1743763916.915259 [message] [tgen-driver.c:254] [_tgendriver_onHeartbeat] [driver-heartbeat] [bytes-read=0,bytes-written=0]
2025-04-04 10:51:59 1743763919.915481 [message] [tgen-driver.c:254] [_tgendriver_onHeartbeat] [driver-heartbeat] [bytes-read=0,bytes-written=0]
2025-04-04 10:52:02 1743763922.915226 [message] [tgen-driver.c:254] [_tgendriver_onHeartbeat] [driver-heartbeat] [bytes-read=0,bytes-written=0]
2025-04-04 10:52:05 1743763925.915258 [message] [tgen-driver.c:254] [_tgendriver_onHeartbeat] [driver-heartbeat] [bytes-read=0,bytes-written=0]
2025-04-04 10:52:08 1743763928.915247 [message] [tgen-driver.c:254] [_tgendriver_onHeartbeat] [driver-heartbeat] [bytes-read=0,bytes-written=0]
2025-04-04 10:52:11 1743763931.915258 [message] [tgen-driver.c:254] [_tgendriver_onHeartbeat] [driver-heartbeat] [bytes-read=0,bytes-written=0]
2025-04-04 10:52:14 1743763934.915210 [message] [tgen-driver.c:254] [_tgendriver_onHeartbeat] [driver-heartbeat] [bytes-read=0,bytes-written=0]
2025-04-04 10:52:17 1743763937.915759 [message] [tgen-driver.c:254] [_tgendriver_onHeartbeat] [driver-heartbeat] [bytes-read=0,bytes-written=0]
2025-04-04 10:52:20 1743763940.915738 [message] [tgen-driver.c:254] [_tgendriver_onHeartbeat] [driver-heartbeat] [bytes-read=0,bytes-written=0]
2025-04-04 10:52:23 1743763943.915742 [message] [tgen-driver.c:254] [_tgendriver_onHeartbeat] [driver-heartbeat] [bytes-read=0,bytes-written=0]
2025-04-04 10:52:26 1743763946.915930 [message] [tgen-driver.c:254] [_tgendriver_onHeartbeat] [driver-heartbeat] [bytes-read=0,bytes-written=0]
2025-04-04 10:52:29 1743763949.916125 [message] [tgen-driver.c:254] [_tgendriver_onHeartbeat] [driver-heartbeat] [bytes-read=0,bytes-written=0]
2025-04-04 10:52:32 1743763952.915794 [message] [tgen-driver.c:254] [_tgendriver_onHeartbeat] [driver-heartbeat] [bytes-read=0,bytes-written=0]
2025-04-04 10:52:35 1743763955.915771 [message] [tgen-driver.c:254] [_tgendriver_onHeartbeat] [driver-heartbeat] [bytes-read=0,bytes-written=0]
2025-04-04 10:52:38 1743763958.915864 [message] [tgen-driver.c:254] [_tgendriver_onHeartbeat] [driver-heartbeat] [bytes-read=0,bytes-written=0]
2025-04-04 10:52:41 1743763961.915738 [message] [tgen-driver.c:254] [_tgendriver_onHeartbeat] [driver-heartbeat] [bytes-read=0,bytes-written=0]
2025-04-04 10:52:44 1743763964.915780 [message] [tgen-driver.c:254] [_tgendriver_onHeartbeat] [driver-heartbeat] [bytes-read=0,bytes-written=0]
2025-04-04 10:52:47 1743763967.916201 [message] [tgen-driver.c:254] [_tgendriver_onHeartbeat] [driver-heartbeat] [bytes-read=0,bytes-written=0]
2025-04-04 10:52:50 1743763970.916368 [message] [tgen-driver.c:254] [_tgendriver_onHeartbeat] [driver-heartbeat] [bytes-read=0,bytes-written=0]
2025-04-04 10:52:53 1743763973.916178 [message] [tgen-driver.c:254] [_tgendriver_onHeartbeat] [driver-heartbeat] [bytes-read=0,bytes-written=0]
2025-04-04 10:52:56 1743763976.916218 [message] [tgen-driver.c:254] [_tgendriver_onHeartbeat] [driver-heartbeat] [bytes-read=0,bytes-written=0]
2025-04-04 10:52:59 1743763979.916288 [message] [tgen-driver.c:254] [_tgendriver_onHeartbeat] [driver-heartbeat] [bytes-read=0,bytes-written=0]
2025-04-04 10:53:02 1743763982.916370 [message] [tgen-driver.c:254] [_tgendriver_onHeartbeat] [driver-heartbeat] [bytes-read=0,bytes-written=0]
2025-04-04 10:53:05 1743763985.916192 [message] [tgen-driver.c:254] [_tgendriver_onHeartbeat] [driver-heartbeat] [bytes-read=0,bytes-written=0]
2025-04-04 10:53:08 1743763988.916422 [message] [tgen-driver.c:254] [_tgendriver_onHeartbeat] [driver-heartbeat] [bytes-read=0,bytes-written=0]
2025-04-04 10:53:11 1743763991.916329 [message] [tgen-driver.c:254] [_tgendriver_onHeartbeat] [driver-heartbeat] [bytes-read=0,bytes-written=0]
2025-04-04 10:53:14 1743763994.916244 [message] [tgen-driver.c:254] [_tgendriver_onHeartbeat] [driver-heartbeat] [bytes-read=0,bytes-written=0]
2025-04-04 10:53:17 1743763997.916489 [message] [tgen-driver.c:254] [_tgendriver_onHeartbeat] [driver-heartbeat] [bytes-read=0,bytes-written=0]
2025-04-04 10:53:20 1743764000.916748 [message] [tgen-driver.c:254] [_tgendriver_onHeartbeat] [driver-heartbeat] [bytes-read=0,bytes-written=0]
2025-04-04 10:53:23 1743764003.916573 [message] [tgen-driver.c:254] [_tgendriver_onHeartbeat] [driver-heartbeat] [bytes-read=0,bytes-written=0]
2025-04-04 10:53:26 1743764006.916563 [message] [tgen-driver.c:254] [_tgendriver_onHeartbeat] [driver-heartbeat] [bytes-read=0,bytes-written=0]
2025-04-04 10:53:29 1743764009.916536 [message] [tgen-driver.c:254] [_tgendriver_onHeartbeat] [driver-heartbeat] [bytes-read=0,bytes-written=0]
2025-04-04 10:53:32 1743764012.916598 [message] [tgen-driver.c:254] [_tgendriver_onHeartbeat] [driver-heartbeat] [bytes-read=0,bytes-written=0]
2025-04-04 10:53:35 1743764015.916463 [message] [tgen-driver.c:254] [_tgendriver_onHeartbeat] [driver-heartbeat] [bytes-read=0,bytes-written=0]
2025-04-04 10:53:38 1743764018.916444 [message] [tgen-driver.c:254] [_tgendriver_onHeartbeat] [driver-heartbeat] [bytes-read=0,bytes-written=0]
2025-04-04 10:53:41 1743764021.916516 [message] [tgen-driver.c:254] [_tgendriver_onHeartbeat] [driver-heartbeat] [bytes-read=0,bytes-written=0]
2025-04-04 10:53:44 1743764024.916459 [message] [tgen-driver.c:254] [_tgendriver_onHeartbeat] [driver-heartbeat] [bytes-read=0,bytes-written=0]
2025-04-04 10:53:47 1743764027.917032 [message] [tgen-driver.c:254] [_tgendriver_onHeartbeat] [driver-heartbeat] [bytes-read=0,bytes-written=0]
2025-04-04 10:53:50 1743764030.917101 [message] [tgen-driver.c:254] [_tgendriver_onHeartbeat] [driver-heartbeat] [bytes-read=0,bytes-written=0]
2025-04-04 10:53:53 1743764033.916984 [message] [tgen-driver.c:254] [_tgendriver_onHeartbeat] [driver-heartbeat] [bytes-read=0,bytes-written=0]
2025-04-04 10:53:56 1743764036.917063 [message] [tgen-driver.c:254] [_tgendriver_onHeartbeat] [driver-heartbeat] [bytes-read=0,bytes-written=0]
2025-04-04 10:53:59 1743764039.917023 [message] [tgen-driver.c:254] [_tgendriver_onHeartbeat] [driver-heartbeat] [bytes-read=0,bytes-written=0]
2025-04-04 10:54:02 1743764042.917040 [message] [tgen-driver.c:254] [_tgendriver_onHeartbeat] [driver-heartbeat] [bytes-read=0,bytes-written=0]
2025-04-04 10:54:05 1743764045.917123 [message] [tgen-driver.c:254] [_tgendriver_onHeartbeat] [driver-heartbeat] [bytes-read=0,bytes-written=0]
2025-04-04 10:54:08 1743764048.917033 [message] [tgen-driver.c:254] [_tgendriver_onHeartbeat] [driver-heartbeat] [bytes-read=0,bytes-written=0]
2025-04-04 10:54:11 1743764051.917259 [message] [tgen-driver.c:254] [_tgendriver_onHeartbeat] [driver-heartbeat] [bytes-read=0,bytes-written=0]
2025-04-04 10:54:14 1743764054.917049 [message] [tgen-driver.c:254] [_tgendriver_onHeartbeat] [driver-heartbeat] [bytes-read=0,bytes-written=0]
2025-04-04 10:54:17 1743764057.917516 [message] [tgen-driver.c:254] [_tgendriver_onHeartbeat] [driver-heartbeat] [bytes-read=0,bytes-written=0]
2025-04-04 10:54:20 1743764060.917596 [message] [tgen-driver.c:254] [_tgendriver_onHeartbeat] [driver-heartbeat] [bytes-read=0,bytes-written=0]
2025-04-04 10:54:23 1743764063.917347 [message] [tgen-driver.c:254] [_tgendriver_onHeartbeat] [driver-heartbeat] [bytes-read=0,bytes-written=0]
2025-04-04 10:54:26 1743764066.917446 [message] [tgen-driver.c:254] [_tgendriver_onHeartbeat] [driver-heartbeat] [bytes-read=0,bytes-written=0]
2025-04-04 10:54:29 1743764069.917421 [message] [tgen-driver.c:254] [_tgendriver_onHeartbeat] [driver-heartbeat] [bytes-read=0,bytes-written=0]
2025-04-04 10:54:32 1743764072.917578 [message] [tgen-driver.c:254] [_tgendriver_onHeartbeat] [driver-heartbeat] [bytes-read=0,bytes-written=0]
2025-04-04 10:54:35 1743764075.917489 [message] [tgen-driver.c:254] [_tgendriver_onHeartbeat] [driver-heartbeat] [bytes-read=0,bytes-written=0]
2025-04-04 10:54:38 1743764078.917492 [message] [tgen-driver.c:254] [_tgendriver_onHeartbeat] [driver-heartbeat] [bytes-read=0,bytes-written=0]
2025-04-04 10:54:41 1743764081.917475 [message] [tgen-driver.c:254] [_tgendriver_onHeartbeat] [driver-heartbeat] [bytes-read=0,bytes-written=0]
2025-04-04 10:54:44 1743764084.917371 [message] [tgen-driver.c:254] [_tgendriver_onHeartbeat] [driver-heartbeat] [bytes-read=0,bytes-written=0]
2025-04-04 10:54:47 1743764087.917877 [message] [tgen-driver.c:254] [_tgendriver_onHeartbeat] [driver-heartbeat] [bytes-read=0,bytes-written=0]
2025-04-04 10:54:50 1743764090.917825 [message] [tgen-driver.c:254] [_tgendriver_onHeartbeat] [driver-heartbeat] [bytes-read=0,bytes-written=0]
2025-04-04 10:54:53 1743764093.917825 [message] [tgen-driver.c:254] [_tgendriver_onHeartbeat] [driver-heartbeat] [bytes-read=0,bytes-written=0]
2025-04-04 10:54:56 1743764096.917849 [message] [tgen-driver.c:254] [_tgendriver_onHeartbeat] [driver-heartbeat] [bytes-read=0,bytes-written=0]
2025-04-04 10:54:59 1743764099.917842 [message] [tgen-driver.c:254] [_tgendriver_onHeartbeat] [driver-heartbeat] [bytes-read=0,bytes-written=0]
2025-04-04 10:55:02 1743764102.917798 [message] [tgen-driver.c:254] [_tgendriver_onHeartbeat] [driver-heartbeat] [bytes-read=0,bytes-written=0]
2025-04-04 10:55:05 1743764105.917835 [message] [tgen-driver.c:254] [_tgendriver_onHeartbeat] [driver-heartbeat] [bytes-read=0,bytes-written=0]
2025-04-04 10:55:08 1743764108.917756 [message] [tgen-driver.c:254] [_tgendriver_onHeartbeat] [driver-heartbeat] [bytes-read=0,bytes-written=0]
2025-04-04 10:55:11 1743764111.917961 [message] [tgen-driver.c:254] [_tgendriver_onHeartbeat] [driver-heartbeat] [bytes-read=0,bytes-written=0]
2025-04-04 10:55:14 1743764114.917878 [message] [tgen-driver.c:254] [_tgendriver_onHeartbeat] [driver-heartbeat] [bytes-read=0,bytes-written=0]
2025-04-04 10:55:17 1743764117.918425 [message] [tgen-driver.c:254] [_tgendriver_onHeartbeat] [driver-heartbeat] [bytes-read=0,bytes-written=0]
2025-04-04 10:55:20 1743764120.918260 [message] [tgen-driver.c:254] [_tgendriver_onHeartbeat] [driver-heartbeat] [bytes-read=0,bytes-written=0]
2025-04-04 10:55:23 1743764123.918294 [message] [tgen-driver.c:254] [_tgendriver_onHeartbeat] [driver-heartbeat] [bytes-read=0,bytes-written=0]
2025-04-04 10:55:26 1743764126.918236 [message] [tgen-driver.c:254] [_tgendriver_onHeartbeat] [driver-heartbeat] [bytes-read=0,bytes-written=0]
2025-04-04 10:55:29 1743764129.918425 [message] [tgen-driver.c:254] [_tgendriver_onHeartbeat] [driver-heartbeat] [bytes-read=0,bytes-written=0]
2025-04-04 10:55:32 1743764132.918300 [message] [tgen-driver.c:254] [_tgendriver_onHeartbeat] [driver-heartbeat] [bytes-read=0,bytes-written=0]
2025-04-04 10:55:35 1743764135.918187 [message] [tgen-driver.c:254] [_tgendriver_onHeartbeat] [driver-heartbeat] [bytes-read=0,bytes-written=0]
2025-04-04 10:55:38 1743764138.918204 [message] [tgen-driver.c:254] [_tgendriver_onHeartbeat] [driver-heartbeat] [bytes-read=0,bytes-written=0]
2025-04-04 10:55:41 1743764141.918498 [message] [tgen-driver.c:254] [_tgendriver_onHeartbeat] [driver-heartbeat] [bytes-read=0,bytes-written=0]
2025-04-04 10:55:44 1743764144.918394 [message] [tgen-driver.c:254] [_tgendriver_onHeartbeat] [driver-heartbeat] [bytes-read=0,bytes-written=0]
2025-04-04 10:55:47 1743764147.918607 [message] [tgen-driver.c:254] [_tgendriver_onHeartbeat] [driver-heartbeat] [bytes-read=0,bytes-written=0]
2025-04-04 10:55:50 1743764150.918558 [message] [tgen-driver.c:254] [_tgendriver_onHeartbeat] [driver-heartbeat] [bytes-read=0,bytes-written=0]
2025-04-04 10:55:53 1743764153.918488 [message] [tgen-driver.c:254] [_tgendriver_onHeartbeat] [driver-heartbeat] [bytes-read=0,bytes-written=0]
2025-04-04 10:55:56 1743764156.918447 [message] [tgen-driver.c:254] [_tgendriver_onHeartbeat] [driver-heartbeat] [bytes-read=0,bytes-written=0]
2025-04-04 10:55:59 1743764159.918517 [message] [tgen-driver.c:254] [_tgendriver_onHeartbeat] [driver-heartbeat] [bytes-read=0,bytes-written=0]
2025-04-04 10:56:02 1743764162.918501 [message] [tgen-driver.c:254] [_tgendriver_onHeartbeat] [driver-heartbeat] [bytes-read=0,bytes-written=0]
2025-04-04 10:56:05 1743764165.918526 [message] [tgen-driver.c:254] [_tgendriver_onHeartbeat] [driver-heartbeat] [bytes-read=0,bytes-written=0]
2025-04-04 10:56:08 1743764168.918521 [message] [tgen-driver.c:254] [_tgendriver_onHeartbeat] [driver-heartbeat] [bytes-read=0,bytes-written=0]
2025-04-04 10:56:11 1743764171.918604 [message] [tgen-driver.c:254] [_tgendriver_onHeartbeat] [driver-heartbeat] [bytes-read=0,bytes-written=0]
2025-04-04 10:56:14 1743764174.918442 [message] [tgen-driver.c:254] [_tgendriver_onHeartbeat] [driver-heartbeat] [bytes-read=0,bytes-written=0]
2025-04-04 10:56:17 1743764177.917367 [message] [tgen-driver.c:254] [_tgendriver_onHeartbeat] [driver-heartbeat] [bytes-read=0,bytes-written=0]
2025-04-04 10:56:20 1743764180.917379 [message] [tgen-driver.c:254] [_tgendriver_onHeartbeat] [driver-heartbeat] [bytes-read=0,bytes-written=0]
2025-04-04 10:56:23 1743764183.917559 [message] [tgen-driver.c:254] [_tgendriver_onHeartbeat] [driver-heartbeat] [bytes-read=0,bytes-written=0]
2025-04-04 10:56:26 1743764186.917418 [message] [tgen-driver.c:254] [_tgendriver_onHeartbeat] [driver-heartbeat] [bytes-read=0,bytes-written=0]
2025-04-04 10:56:29 1743764189.917422 [message] [tgen-driver.c:254] [_tgendriver_onHeartbeat] [driver-heartbeat] [bytes-read=0,bytes-written=0]
2025-04-04 10:56:32 1743764192.917456 [message] [tgen-driver.c:254] [_tgendriver_onHeartbeat] [driver-heartbeat] [bytes-read=0,bytes-written=0]
2025-04-04 10:56:35 1743764195.917462 [message] [tgen-driver.c:254] [_tgendriver_onHeartbeat] [driver-heartbeat] [bytes-read=0,bytes-written=0]
2025-04-04 10:56:38 1743764198.917660 [message] [tgen-driver.c:254] [_tgendriver_onHeartbeat] [driver-heartbeat] [bytes-read=0,bytes-written=0]
2025-04-04 10:56:41 1743764201.917613 [message] [tgen-driver.c:254] [_tgendriver_onHeartbeat] [driver-heartbeat] [bytes-read=0,bytes-written=0]
2025-04-04 10:56:44 1743764204.917637 [message] [tgen-driver.c:254] [_tgendriver_onHeartbeat] [driver-heartbeat] [bytes-read=0,bytes-written=0]
2025-04-04 10:56:47 1743764207.919700 [message] [tgen-driver.c:254] [_tgendriver_onHeartbeat] [driver-heartbeat] [bytes-read=0,bytes-written=0]
2025-04-04 10:56:50 1743764210.919685 [message] [tgen-driver.c:254] [_tgendriver_onHeartbeat] [driver-heartbeat] [bytes-read=0,bytes-written=0]
2025-04-04 10:56:53 1743764213.919670 [message] [tgen-driver.c:254] [_tgendriver_onHeartbeat] [driver-heartbeat] [bytes-read=0,bytes-written=0]
2025-04-04 10:56:56 1743764216.919665 [message] [tgen-driver.c:254] [_tgendriver_onHeartbeat] [driver-heartbeat] [bytes-read=0,bytes-written=0]
2025-04-04 10:56:59 1743764219.919605 [message] [tgen-driver.c:254] [_tgendriver_onHeartbeat] [driver-heartbeat] [bytes-read=0,bytes-written=0]
2025-04-04 10:57:02 1743764222.919582 [message] [tgen-driver.c:254] [_tgendriver_onHeartbeat] [driver-heartbeat] [bytes-read=0,bytes-written=0]
2025-04-04 10:57:05 1743764225.919485 [message] [tgen-driver.c:254] [_tgendriver_onHeartbeat] [driver-heartbeat] [bytes-read=0,bytes-written=0]
2025-04-04 10:57:08 1743764228.919449 [message] [tgen-driver.c:254] [_tgendriver_onHeartbeat] [driver-heartbeat] [bytes-read=0,bytes-written=0]
2025-04-04 10:57:11 1743764231.919420 [message] [tgen-driver.c:254] [_tgendriver_onHeartbeat] [driver-heartbeat] [bytes-read=0,bytes-written=0]
2025-04-04 10:57:14 1743764234.919433 [message] [tgen-driver.c:254] [_tgendriver_onHeartbeat] [driver-heartbeat] [bytes-read=0,bytes-written=0]
2025-04-04 10:57:17 1743764237.919964 [message] [tgen-driver.c:254] [_tgendriver_onHeartbeat] [driver-heartbeat] [bytes-read=0,bytes-written=0]
2025-04-04 10:57:20 1743764240.920033 [message] [tgen-driver.c:254] [_tgendriver_onHeartbeat] [driver-heartbeat] [bytes-read=0,bytes-written=0]
2025-04-04 10:57:23 1743764243.919986 [message] [tgen-driver.c:254] [_tgendriver_onHeartbeat] [driver-heartbeat] [bytes-read=0,bytes-written=0]
2025-04-04 10:57:26 1743764246.920024 [message] [tgen-driver.c:254] [_tgendriver_onHeartbeat] [driver-heartbeat] [bytes-read=0,bytes-written=0]
2025-04-04 10:57:29 1743764249.920086 [message] [tgen-driver.c:254] [_tgendriver_onHeartbeat] [driver-heartbeat] [bytes-read=0,bytes-written=0]
2025-04-04 10:57:32 1743764252.919909 [message] [tgen-driver.c:254] [_tgendriver_onHeartbeat] [driver-heartbeat] [bytes-read=0,bytes-written=0]
2025-04-04 10:57:35 1743764255.919953 [message] [tgen-driver.c:254] [_tgendriver_onHeartbeat] [driver-heartbeat] [bytes-read=0,bytes-written=0]
2025-04-04 10:57:38 1743764258.919973 [message] [tgen-driver.c:254] [_tgendriver_onHeartbeat] [driver-heartbeat] [bytes-read=0,bytes-written=0]
2025-04-04 10:57:41 1743764261.920139 [message] [tgen-driver.c:254] [_tgendriver_onHeartbeat] [driver-heartbeat] [bytes-read=0,bytes-written=0]
2025-04-04 10:57:44 1743764264.920185 [message] [tgen-driver.c:254] [_tgendriver_onHeartbeat] [driver-heartbeat] [bytes-read=0,bytes-written=0]
2025-04-04 10:57:47 1743764267.920517 [message] [tgen-driver.c:254] [_tgendriver_onHeartbeat] [driver-heartbeat] [bytes-read=0,bytes-written=0]
2025-04-04 10:57:50 1743764270.920493 [message] [tgen-driver.c:254] [_tgendriver_onHeartbeat] [driver-heartbeat] [bytes-read=0,bytes-written=0]
2025-04-04 10:57:53 1743764273.920476 [message] [tgen-driver.c:254] [_tgendriver_onHeartbeat] [driver-heartbeat] [bytes-read=0,bytes-written=0]
2025-04-04 10:57:56 1743764276.920476 [message] [tgen-driver.c:254] [_tgendriver_onHeartbeat] [driver-heartbeat] [bytes-read=0,bytes-written=0]
2025-04-04 10:57:59 1743764279.920514 [message] [tgen-driver.c:254] [_tgendriver_onHeartbeat] [driver-heartbeat] [bytes-read=0,bytes-written=0]
2025-04-04 10:58:02 1743764282.920504 [message] [tgen-driver.c:254] [_tgendriver_onHeartbeat] [driver-heartbeat] [bytes-read=0,bytes-written=0]
2025-04-04 10:58:05 1743764285.920365 [message] [tgen-driver.c:254] [_tgendriver_onHeartbeat] [driver-heartbeat] [bytes-read=0,bytes-written=0]
2025-04-04 10:58:08 1743764288.920301 [message] [tgen-driver.c:254] [_tgendriver_onHeartbeat] [driver-heartbeat] [bytes-read=0,bytes-written=0]
2025-04-04 10:58:11 1743764291.920269 [message] [tgen-driver.c:254] [_tgendriver_onHeartbeat] [driver-heartbeat] [bytes-read=0,bytes-written=0]
2025-04-04 10:58:14 1743764294.920371 [message] [tgen-driver.c:254] [_tgendriver_onHeartbeat] [driver-heartbeat] [bytes-read=0,bytes-written=0]
2025-04-04 10:58:17 1743764297.920414 [message] [tgen-driver.c:254] [_tgendriver_onHeartbeat] [driver-heartbeat] [bytes-read=0,bytes-written=0]
2025-04-04 10:58:20 1743764300.920426 [message] [tgen-driver.c:254] [_tgendriver_onHeartbeat] [driver-heartbeat] [bytes-read=0,bytes-written=0]
2025-04-04 10:58:23 1743764303.920360 [message] [tgen-driver.c:254] [_tgendriver_onHeartbeat] [driver-heartbeat] [bytes-read=0,bytes-written=0]
2025-04-04 10:58:26 1743764306.920361 [message] [tgen-driver.c:254] [_tgendriver_onHeartbeat] [driver-heartbeat] [bytes-read=0,bytes-written=0]
2025-04-04 10:58:29 1743764309.920364 [message] [tgen-driver.c:254] [_tgendriver_onHeartbeat] [driver-heartbeat] [bytes-read=0,bytes-written=0]
2025-04-04 10:58:32 1743764312.920418 [message] [tgen-driver.c:254] [_tgendriver_onHeartbeat] [driver-heartbeat] [bytes-read=0,bytes-written=0]
2025-04-04 10:58:35 1743764315.920413 [message] [tgen-driver.c:254] [_tgendriver_onHeartbeat] [driver-heartbeat] [bytes-read=0,bytes-written=0]
2025-04-04 10:58:38 1743764318.920357 [message] [tgen-driver.c:254] [_tgendriver_onHeartbeat] [driver-heartbeat] [bytes-read=0,bytes-written=0]
2025-04-04 10:58:41 1743764321.920423 [message] [tgen-driver.c:254] [_tgendriver_onHeartbeat] [driver-heartbeat] [bytes-read=0,bytes-written=0]
2025-04-04 10:58:44 1743764324.920367 [message] [tgen-driver.c:254] [_tgendriver_onHeartbeat] [driver-heartbeat] [bytes-read=0,bytes-written=0]
2025-04-04 10:58:47 1743764327.921188 [message] [tgen-driver.c:254] [_tgendriver_onHeartbeat] [driver-heartbeat] [bytes-read=0,bytes-written=0]
2025-04-04 10:58:50 1743764330.921075 [message] [tgen-driver.c:254] [_tgendriver_onHeartbeat] [driver-heartbeat] [bytes-read=0,bytes-written=0]
2025-04-04 10:58:53 1743764333.921326 [message] [tgen-driver.c:254] [_tgendriver_onHeartbeat] [driver-heartbeat] [bytes-read=0,bytes-written=0]
2025-04-04 10:58:56 1743764336.921336 [message] [tgen-driver.c:254] [_tgendriver_onHeartbeat] [driver-heartbeat] [bytes-read=0,bytes-written=0]
2025-04-04 10:58:59 1743764339.921365 [message] [tgen-driver.c:254] [_tgendriver_onHeartbeat] [driver-heartbeat] [bytes-read=0,bytes-written=0]
2025-04-04 10:59:02 1743764342.921186 [message] [tgen-driver.c:254] [_tgendriver_onHeartbeat] [driver-heartbeat] [bytes-read=0,bytes-written=0]
2025-04-04 10:59:05 1743764345.921254 [message] [tgen-driver.c:254] [_tgendriver_onHeartbeat] [driver-heartbeat] [bytes-read=0,bytes-written=0]
2025-04-04 10:59:08 1743764348.921122 [message] [tgen-driver.c:254] [_tgendriver_onHeartbeat] [driver-heartbeat] [bytes-read=0,bytes-written=0]
2025-04-04 10:59:11 1743764351.921125 [message] [tgen-driver.c:254] [_tgendriver_onHeartbeat] [driver-heartbeat] [bytes-read=0,bytes-written=0]
2025-04-04 10:59:14 1743764354.921334 [message] [tgen-driver.c:254] [_tgendriver_onHeartbeat] [driver-heartbeat] [bytes-read=0,bytes-written=0]
2025-04-04 10:59:17 1743764357.921577 [message] [tgen-driver.c:254] [_tgendriver_onHeartbeat] [driver-heartbeat] [bytes-read=0,bytes-written=0]
2025-04-04 10:59:20 1743764360.921585 [message] [tgen-driver.c:254] [_tgendriver_onHeartbeat] [driver-heartbeat] [bytes-read=0,bytes-written=0]
2025-04-04 10:59:23 1743764363.921756 [message] [tgen-driver.c:254] [_tgendriver_onHeartbeat] [driver-heartbeat] [bytes-read=0,bytes-written=0]
2025-04-04 10:59:26 1743764366.921546 [message] [tgen-driver.c:254] [_tgendriver_onHeartbeat] [driver-heartbeat] [bytes-read=0,bytes-written=0]
2025-04-04 10:59:29 1743764369.921543 [message] [tgen-driver.c:254] [_tgendriver_onHeartbeat] [driver-heartbeat] [bytes-read=0,bytes-written=0]
2025-04-04 10:59:32 1743764372.921579 [message] [tgen-driver.c:254] [_tgendriver_onHeartbeat] [driver-heartbeat] [bytes-read=0,bytes-written=0]
2025-04-04 10:59:35 1743764375.921538 [message] [tgen-driver.c:254] [_tgendriver_onHeartbeat] [driver-heartbeat] [bytes-read=0,bytes-written=0]
2025-04-04 10:59:38 1743764378.921518 [message] [tgen-driver.c:254] [_tgendriver_onHeartbeat] [driver-heartbeat] [bytes-read=0,bytes-written=0]
2025-04-04 10:59:41 1743764381.921567 [message] [tgen-driver.c:254] [_tgendriver_onHeartbeat] [driver-heartbeat] [bytes-read=0,bytes-written=0]
2025-04-04 10:59:44 1743764384.921535 [message] [tgen-driver.c:254] [_tgendriver_onHeartbeat] [driver-heartbeat] [bytes-read=0,bytes-written=0]
2025-04-04 10:59:47 1743764387.921976 [message] [tgen-driver.c:254] [_tgendriver_onHeartbeat] [driver-heartbeat] [bytes-read=0,bytes-written=0]
2025-04-04 10:59:50 1743764390.921945 [message] [tgen-driver.c:254] [_tgendriver_onHeartbeat] [driver-heartbeat] [bytes-read=0,bytes-written=0]
2025-04-04 10:59:53 1743764393.921953 [message] [tgen-driver.c:254] [_tgendriver_onHeartbeat] [driver-heartbeat] [bytes-read=0,bytes-written=0]
2025-04-04 10:59:56 1743764396.921987 [message] [tgen-driver.c:254] [_tgendriver_onHeartbeat] [driver-heartbeat] [bytes-read=0,bytes-written=0]
2025-04-04 10:59:59 1743764399.921968 [message] [tgen-driver.c:254] [_tgendriver_onHeartbeat] [driver-heartbeat] [bytes-read=0,bytes-written=0]
2025-04-04 11:00:02 1743764402.921994 [message] [tgen-driver.c:254] [_tgendriver_onHeartbeat] [driver-heartbeat] [bytes-read=0,bytes-written=0]
2025-04-04 11:00:05 1743764405.922149 [message] [tgen-driver.c:254] [_tgendriver_onHeartbeat] [driver-heartbeat] [bytes-read=0,bytes-written=0]
2025-04-04 11:00:08 1743764408.922059 [message] [tgen-driver.c:254] [_tgendriver_onHeartbeat] [driver-heartbeat] [bytes-read=0,bytes-written=0]
2025-04-04 11:00:11 1743764411.921947 [message] [tgen-driver.c:254] [_tgendriver_onHeartbeat] [driver-heartbeat] [bytes-read=0,bytes-written=0]
2025-04-04 11:00:14 1743764414.922013 [message] [tgen-driver.c:254] [_tgendriver_onHeartbeat] [driver-heartbeat] [bytes-read=0,bytes-written=0]
2025-04-04 11:00:17 1743764417.922457 [message] [tgen-driver.c:254] [_tgendriver_onHeartbeat] [driver-heartbeat] [bytes-read=0,bytes-written=0]
2025-04-04 11:00:20 1743764420.922377 [message] [tgen-driver.c:254] [_tgendriver_onHeartbeat] [driver-heartbeat] [bytes-read=0,bytes-written=0]
2025-04-04 11:00:23 1743764423.922552 [message] [tgen-driver.c:254] [_tgendriver_onHeartbeat] [driver-heartbeat] [bytes-read=0,bytes-written=0]
2025-04-04 11:00:26 1743764426.922552 [message] [tgen-driver.c:254] [_tgendriver_onHeartbeat] [driver-heartbeat] [bytes-read=0,bytes-written=0]
2025-04-04 11:00:29 1743764429.922617 [message] [tgen-driver.c:254] [_tgendriver_onHeartbeat] [driver-heartbeat] [bytes-read=0,bytes-written=0]
2025-04-04 11:00:32 1743764432.922379 [message] [tgen-driver.c:254] [_tgendriver_onHeartbeat] [driver-heartbeat] [bytes-read=0,bytes-written=0]
2025-04-04 11:00:35 1743764435.922341 [message] [tgen-driver.c:254] [_tgendriver_onHeartbeat] [driver-heartbeat] [bytes-read=0,bytes-written=0]
2025-04-04 11:00:38 1743764438.922330 [message] [tgen-driver.c:254] [_tgendriver_onHeartbeat] [driver-heartbeat] [bytes-read=0,bytes-written=0]
2025-04-04 11:00:41 1743764441.922322 [message] [tgen-driver.c:254] [_tgendriver_onHeartbeat] [driver-heartbeat] [bytes-read=0,bytes-written=0]
2025-04-04 11:00:44 1743764444.922372 [message] [tgen-driver.c:254] [_tgendriver_onHeartbeat] [driver-heartbeat] [bytes-read=0,bytes-written=0]
2025-04-04 11:00:47 1743764447.922867 [message] [tgen-driver.c:254] [_tgendriver_onHeartbeat] [driver-heartbeat] [bytes-read=0,bytes-written=0]
2025-04-04 11:00:50 1743764450.922791 [message] [tgen-driver.c:254] [_tgendriver_onHeartbeat] [driver-heartbeat] [bytes-read=0,bytes-written=0]
2025-04-04 11:00:53 1743764453.922856 [message] [tgen-driver.c:254] [_tgendriver_onHeartbeat] [driver-heartbeat] [bytes-read=0,bytes-written=0]
2025-04-04 11:00:56 1743764456.922843 [message] [tgen-driver.c:254] [_tgendriver_onHeartbeat] [driver-heartbeat] [bytes-read=0,bytes-written=0]
2025-04-04 11:00:59 1743764459.922841 [message] [tgen-driver.c:254] [_tgendriver_onHeartbeat] [driver-heartbeat] [bytes-read=0,bytes-written=0]
2025-04-04 11:01:02 1743764462.922824 [message] [tgen-driver.c:254] [_tgendriver_onHeartbeat] [driver-heartbeat] [bytes-read=0,bytes-written=0]
2025-04-04 11:01:05 1743764465.922857 [message] [tgen-driver.c:254] [_tgendriver_onHeartbeat] [driver-heartbeat] [bytes-read=0,bytes-written=0]
2025-04-04 11:01:08 1743764468.922897 [message] [tgen-driver.c:254] [_tgendriver_onHeartbeat] [driver-heartbeat] [bytes-read=0,bytes-written=0]
2025-04-04 11:01:11 1743764471.922868 [message] [tgen-driver.c:254] [_tgendriver_onHeartbeat] [driver-heartbeat] [bytes-read=0,bytes-written=0]
2025-04-04 11:01:14 1743764474.922793 [message] [tgen-driver.c:254] [_tgendriver_onHeartbeat] [driver-heartbeat] [bytes-read=0,bytes-written=0]
2025-04-04 11:01:17 1743764477.923255 [message] [tgen-driver.c:254] [_tgendriver_onHeartbeat] [driver-heartbeat] [bytes-read=0,bytes-written=0]
2025-04-04 11:01:20 1743764480.923117 [message] [tgen-driver.c:254] [_tgendriver_onHeartbeat] [driver-heartbeat] [bytes-read=0,bytes-written=0]
2025-04-04 11:01:23 1743764483.923105 [message] [tgen-driver.c:254] [_tgendriver_onHeartbeat] [driver-heartbeat] [bytes-read=0,bytes-written=0]
2025-04-04 11:01:26 1743764486.923261 [message] [tgen-driver.c:254] [_tgendriver_onHeartbeat] [driver-heartbeat] [bytes-read=0,bytes-written=0]
2025-04-04 11:01:29 1743764489.923063 [message] [tgen-driver.c:254] [_tgendriver_onHeartbeat] [driver-heartbeat] [bytes-read=0,bytes-written=0]
2025-04-04 11:01:32 1743764492.923004 [message] [tgen-driver.c:254] [_tgendriver_onHeartbeat] [driver-heartbeat] [bytes-read=0,bytes-written=0]
2025-04-04 11:01:35 1743764495.923711 [message] [tgen-driver.c:254] [_tgendriver_onHeartbeat] [driver-heartbeat] [bytes-read=0,bytes-written=0]
2025-04-04 11:01:38 1743764498.922995 [message] [tgen-driver.c:254] [_tgendriver_onHeartbeat] [driver-heartbeat] [bytes-read=0,bytes-written=0]
2025-04-04 11:01:41 1743764501.923026 [message] [tgen-driver.c:254] [_tgendriver_onHeartbeat] [driver-heartbeat] [bytes-read=0,bytes-written=0]
2025-04-04 11:01:44 1743764504.923234 [message] [tgen-driver.c:254] [_tgendriver_onHeartbeat] [driver-heartbeat] [bytes-read=0,bytes-written=0]
2025-04-04 11:01:47 1743764507.923839 [message] [tgen-driver.c:254] [_tgendriver_onHeartbeat] [driver-heartbeat] [bytes-read=0,bytes-written=0]
2025-04-04 11:01:50 1743764510.923587 [message] [tgen-driver.c:254] [_tgendriver_onHeartbeat] [driver-heartbeat] [bytes-read=0,bytes-written=0]
2025-04-04 11:01:53 1743764513.923671 [message] [tgen-driver.c:254] [_tgendriver_onHeartbeat] [driver-heartbeat] [bytes-read=0,bytes-written=0]
2025-04-04 11:01:56 1743764516.923626 [message] [tgen-driver.c:254] [_tgendriver_onHeartbeat] [driver-heartbeat] [bytes-read=0,bytes-written=0]
2025-04-04 11:01:59 1743764519.923574 [message] [tgen-driver.c:254] [_tgendriver_onHeartbeat] [driver-heartbeat] [bytes-read=0,bytes-written=0]
2025-04-04 11:02:02 1743764522.923651 [message] [tgen-driver.c:254] [_tgendriver_onHeartbeat] [driver-heartbeat] [bytes-read=0,bytes-written=0]
2025-04-04 11:02:05 1743764525.923601 [message] [tgen-driver.c:254] [_tgendriver_onHeartbeat] [driver-heartbeat] [bytes-read=0,bytes-written=0]
2025-04-04 11:02:08 1743764528.923611 [message] [tgen-driver.c:254] [_tgendriver_onHeartbeat] [driver-heartbeat] [bytes-read=0,bytes-written=0]
2025-04-04 11:02:11 1743764531.923588 [message] [tgen-driver.c:254] [_tgendriver_onHeartbeat] [driver-heartbeat] [bytes-read=0,bytes-written=0]
2025-04-04 11:02:14 1743764534.923711 [message] [tgen-driver.c:254] [_tgendriver_onHeartbeat] [driver-heartbeat] [bytes-read=0,bytes-written=0]
2025-04-04 11:02:17 1743764537.923947 [message] [tgen-driver.c:254] [_tgendriver_onHeartbeat] [driver-heartbeat] [bytes-read=0,bytes-written=0]
