2025-04-04 11:10:42 1743765042.825326 [message] [tgen-main.c:43] [_tgenmain_run] Initializing TGen v1.1.2 running GLib v2.80.0 and IGraph v0.10.10 on host 15ddffb662fd with process id 252
2025-04-04 11:10:42 1743765042.825352 [message] [tgen-main.c:83] [_tgenmain_run] Set SIG_IGN for signal SIGPIPE
2025-04-04 11:10:42 1743765042.829316 [message] [tgen-graph.c:1307] [tgengraph_new] successfully loaded graphml file '/app/server.tgenrc.graphml' and validated actions: graph is weakly connected with 1 cluster, 1 vertex, and 0 edges
2025-04-04 11:10:42 1743765042.829323 [message] [tgen-log.c:76] [tgenlog_setLogFilterLevel] Changed log level filter from 'default' to 'message'
2025-04-04 11:10:42 1743765042.830733 [message] [tgen-server.c:164] [tgenserver_new] server listening at 0.0.0.0:8080
2025-04-04 11:10:42 1743765042.830752 [message] [tgen-driver.c:675] [_tgendriver_startServerHelper] Started server on port 8080 using descriptor 5
2025-04-04 11:10:42 1743765042.830770 [message] [tgen-main.c:137] [_tgenmain_run] entering main loop to watch descriptors
2025-04-04 11:10:45 1743765045.831803 [message] [tgen-driver.c:254] [_tgendriver_onHeartbeat] [driver-heartbeat] [bytes-read=0,bytes-written=0]
2025-04-04 11:10:48 1743765048.832102 [message] [tgen-driver.c:254] [_tgendriver_onHeartbeat] [driver-heartbeat] [bytes-read=0,bytes-written=0]
2025-04-04 11:10:51 1743765051.832187 [message] [tgen-driver.c:254] [_tgendriver_onHeartbeat] [driver-heartbeat] [bytes-read=3237,bytes-written=6127690,streams-created=1,total-streams-created=1,total-streams-pending=1]
2025-04-04 11:10:54 1743765054.832077 [message] [tgen-driver.c:254] [_tgendriver_onHeartbeat] [driver-heartbeat] [bytes-read=0,bytes-written=1343488,total-streams-created=1,total-streams-pending=1]
2025-04-04 11:10:57 1743765057.832097 [message] [tgen-driver.c:254] [_tgendriver_onHeartbeat] [driver-heartbeat] [bytes-read=0,bytes-written=1277952,total-streams-created=1,total-streams-pending=1]
2025-04-04 11:11:00 1743765060.832372 [message] [tgen-driver.c:254] [_tgendriver_onHeartbeat] [driver-heartbeat] [bytes-read=0,bytes-written=1310720,total-streams-created=1,total-streams-pending=1]
2025-04-04 11:11:03 1743765063.832386 [message] [tgen-driver.c:254] [_tgendriver_onHeartbeat] [driver-heartbeat] [bytes-read=0,bytes-written=426025,total-streams-created=1,total-streams-pending=1]
2025-04-04 11:11:06 1743765066.832323 [message] [tgen-driver.c:254] [_tgendriver_onHeartbeat] [driver-heartbeat] [bytes-read=0,bytes-written=0,total-streams-created=1,total-streams-pending=1]
2025-04-04 11:11:09 1743765069.832354 [message] [tgen-driver.c:254] [_tgendriver_onHeartbeat] [driver-heartbeat] [bytes-read=0,bytes-written=0,total-streams-created=1,total-streams-pending=1]
2025-04-04 11:11:11 1743765071.258898 [message] [tgen-stream.c:1738] [_tgenstream_log] [stream-success] transport [fd=7,local=localhost:127.0.0.1:8080,proxy=NULL:0.0.0.0:0,remote=localhost:127.0.0.1:39632,state=SUCCESS_OPEN,error=NONE] stream [id=0,vertexid=passive-stream:stream,name=15ddffb662fd,peername=4efc3c99574c,sendsize=10485760,recvsize=1024,sendstate=SEND_SUCCESS,recvstate=RECV_SUCCESS,error=NONE] bytes [total-bytes-recv=3240,total-bytes-send=10485875,payload-bytes-recv=1024,payload-bytes-send=10485760,payload-progress-recv=100.00%,payload-progress-send=100.00%] times [created-ts=9064441683,usecs-to-socket-create=10,usecs-to-socket-connect=61,usecs-to-proxy-init=-1,usecs-to-proxy-choice=-1,usecs-to-proxy-request=-1,usecs-to-proxy-response=-1,usecs-to-command=8356,usecs-to-response=8409,usecs-to-first-byte-recv=8356,usecs-to-last-byte-recv=8356,usecs-to-checksum-recv=8356,usecs-to-first-byte-send=8409,usecs-to-last-byte-send=12746159,usecs-to-checksum-send=12746165,now-ts=9086671851]
2025-04-04 11:11:12 1743765072.832157 [message] [tgen-driver.c:254] [_tgendriver_onHeartbeat] [driver-heartbeat] [bytes-read=3242,bytes-written=5111882,streams-created=1,streams-succeeded=1,total-streams-created=2,total-streams-succeeded=1,total-streams-pending=1]
2025-04-04 11:11:15 1743765075.832072 [message] [tgen-driver.c:254] [_tgendriver_onHeartbeat] [driver-heartbeat] [bytes-read=0,bytes-written=1376256,total-streams-created=2,total-streams-succeeded=1,total-streams-pending=1]
2025-04-04 11:11:18 1743765078.832638 [message] [tgen-driver.c:254] [_tgendriver_onHeartbeat] [driver-heartbeat] [bytes-read=0,bytes-written=1376256,total-streams-created=2,total-streams-succeeded=1,total-streams-pending=1]
2025-04-04 11:11:21 1743765081.832605 [message] [tgen-driver.c:254] [_tgendriver_onHeartbeat] [driver-heartbeat] [bytes-read=0,bytes-written=1376256,total-streams-created=2,total-streams-succeeded=1,total-streams-pending=1]
2025-04-04 11:11:24 1743765084.832644 [message] [tgen-driver.c:254] [_tgendriver_onHeartbeat] [driver-heartbeat] [bytes-read=0,bytes-written=1245225,total-streams-created=2,total-streams-succeeded=1,total-streams-pending=1]
2025-04-04 11:11:27 1743765087.832606 [message] [tgen-driver.c:254] [_tgendriver_onHeartbeat] [driver-heartbeat] [bytes-read=0,bytes-written=0,total-streams-created=2,total-streams-succeeded=1,total-streams-pending=1]
2025-04-04 11:11:30 1743765090.832488 [message] [tgen-driver.c:254] [_tgendriver_onHeartbeat] [driver-heartbeat] [bytes-read=0,bytes-written=0,total-streams-created=2,total-streams-succeeded=1,total-streams-pending=1]
2025-04-04 11:11:33 1743765093.832563 [message] [tgen-driver.c:254] [_tgendriver_onHeartbeat] [driver-heartbeat] [bytes-read=0,bytes-written=0,total-streams-created=2,total-streams-succeeded=1,total-streams-pending=1]
2025-04-04 11:11:34 1743765094.427868 [message] [tgen-stream.c:1738] [_tgenstream_log] [stream-success] transport [fd=7,local=localhost:127.0.0.1:8080,proxy=NULL:0.0.0.0:0,remote=localhost:127.0.0.1:34188,state=SUCCESS_OPEN,error=NONE] stream [id=1,vertexid=passive-stream:stream,name=15ddffb662fd,peername=4efc3c99574c,sendsize=10485760,recvsize=1024,sendstate=SEND_SUCCESS,recvstate=RECV_SUCCESS,error=NONE] bytes [total-bytes-recv=3240,total-bytes-send=10485875,payload-bytes-recv=1024,payload-bytes-send=10485760,payload-progress-recv=100.00%,payload-progress-send=100.00%] times [created-ts=9087631674,usecs-to-socket-create=11,usecs-to-socket-connect=54,usecs-to-proxy-init=-1,usecs-to-proxy-choice=-1,usecs-to-proxy-request=-1,usecs-to-proxy-response=-1,usecs-to-command=7943,usecs-to-response=7968,usecs-to-first-byte-recv=15355,usecs-to-last-byte-recv=15355,usecs-to-checksum-recv=15355,usecs-to-first-byte-send=7968,usecs-to-last-byte-send=12157807,usecs-to-checksum-send=12157811,now-ts=9109840491]
2025-04-04 11:11:36 1743765096.832504 [message] [tgen-driver.c:254] [_tgendriver_onHeartbeat] [driver-heartbeat] [bytes-read=3242,bytes-written=5636170,streams-created=1,streams-succeeded=1,total-streams-created=3,total-streams-succeeded=2,total-streams-pending=1]
2025-04-04 11:11:39 1743765099.832405 [message] [tgen-driver.c:254] [_tgendriver_onHeartbeat] [driver-heartbeat] [bytes-read=0,bytes-written=1179648,total-streams-created=3,total-streams-succeeded=2,total-streams-pending=1]
2025-04-04 11:11:42 1743765102.832443 [message] [tgen-driver.c:254] [_tgendriver_onHeartbeat] [driver-heartbeat] [bytes-read=0,bytes-written=1572864,total-streams-created=3,total-streams-succeeded=2,total-streams-pending=1]
2025-04-04 11:11:45 1743765105.832505 [message] [tgen-driver.c:254] [_tgendriver_onHeartbeat] [driver-heartbeat] [bytes-read=0,bytes-written=1114112,total-streams-created=3,total-streams-succeeded=2,total-streams-pending=1]
2025-04-04 11:11:48 1743765108.832904 [message] [tgen-driver.c:254] [_tgendriver_onHeartbeat] [driver-heartbeat] [bytes-read=0,bytes-written=983081,total-streams-created=3,total-streams-succeeded=2,total-streams-pending=1]
2025-04-04 11:11:51 1743765111.832882 [message] [tgen-driver.c:254] [_tgendriver_onHeartbeat] [driver-heartbeat] [bytes-read=0,bytes-written=0,total-streams-created=3,total-streams-succeeded=2,total-streams-pending=1]
2025-04-04 11:11:54 1743765114.832932 [message] [tgen-driver.c:254] [_tgendriver_onHeartbeat] [driver-heartbeat] [bytes-read=0,bytes-written=0,total-streams-created=3,total-streams-succeeded=2,total-streams-pending=1]
2025-04-04 11:11:57 1743765117.530232 [message] [tgen-stream.c:1738] [_tgenstream_log] [stream-success] transport [fd=7,local=localhost:127.0.0.1:8080,proxy=NULL:0.0.0.0:0,remote=localhost:127.0.0.1:36264,state=SUCCESS_OPEN,error=NONE] stream [id=2,vertexid=passive-stream:stream,name=15ddffb662fd,peername=4efc3c99574c,sendsize=10485760,recvsize=1024,sendstate=SEND_SUCCESS,recvstate=RECV_SUCCESS,error=NONE] bytes [total-bytes-recv=3240,total-bytes-send=10485875,payload-bytes-recv=1024,payload-bytes-send=10485760,payload-progress-recv=100.00%,payload-progress-send=100.00%] times [created-ts=9110838390,usecs-to-socket-create=10,usecs-to-socket-connect=50,usecs-to-proxy-init=-1,usecs-to-proxy-choice=-1,usecs-to-proxy-request=-1,usecs-to-proxy-response=-1,usecs-to-command=8160,usecs-to-response=8184,usecs-to-first-byte-recv=15646,usecs-to-last-byte-recv=15646,usecs-to-checksum-recv=15646,usecs-to-first-byte-send=8184,usecs-to-last-byte-send=12183822,usecs-to-checksum-send=12183828,now-ts=9132942412]
2025-04-04 11:11:57 1743765117.832960 [message] [tgen-driver.c:254] [_tgendriver_onHeartbeat] [driver-heartbeat] [bytes-read=4,bytes-written=0,streams-succeeded=1,total-streams-created=3,total-streams-succeeded=3]
2025-04-04 11:12:00 1743765120.832903 [message] [tgen-driver.c:254] [_tgendriver_onHeartbeat] [driver-heartbeat] [bytes-read=0,bytes-written=0,total-streams-created=3,total-streams-succeeded=3]
2025-04-04 11:12:03 1743765123.832913 [message] [tgen-driver.c:254] [_tgendriver_onHeartbeat] [driver-heartbeat] [bytes-read=0,bytes-written=0,total-streams-created=3,total-streams-succeeded=3]
2025-04-04 11:12:06 1743765126.833106 [message] [tgen-driver.c:254] [_tgendriver_onHeartbeat] [driver-heartbeat] [bytes-read=0,bytes-written=0,total-streams-created=3,total-streams-succeeded=3]
2025-04-04 11:12:09 1743765129.833095 [message] [tgen-driver.c:254] [_tgendriver_onHeartbeat] [driver-heartbeat] [bytes-read=0,bytes-written=0,total-streams-created=3,total-streams-succeeded=3]
2025-04-04 11:12:12 1743765132.832999 [message] [tgen-driver.c:254] [_tgendriver_onHeartbeat] [driver-heartbeat] [bytes-read=0,bytes-written=0,total-streams-created=3,total-streams-succeeded=3]
2025-04-04 11:12:15 1743765135.832908 [message] [tgen-driver.c:254] [_tgendriver_onHeartbeat] [driver-heartbeat] [bytes-read=0,bytes-written=0,total-streams-created=3,total-streams-succeeded=3]
2025-04-04 11:12:18 1743765138.833266 [message] [tgen-driver.c:254] [_tgendriver_onHeartbeat] [driver-heartbeat] [bytes-read=0,bytes-written=0,total-streams-created=3,total-streams-succeeded=3]
2025-04-04 11:12:21 1743765141.833495 [message] [tgen-driver.c:254] [_tgendriver_onHeartbeat] [driver-heartbeat] [bytes-read=0,bytes-written=0,total-streams-created=3,total-streams-succeeded=3]
2025-04-04 11:12:24 1743765144.833542 [message] [tgen-driver.c:254] [_tgendriver_onHeartbeat] [driver-heartbeat] [bytes-read=0,bytes-written=0,total-streams-created=3,total-streams-succeeded=3]
2025-04-04 11:12:27 1743765147.833329 [message] [tgen-driver.c:254] [_tgendriver_onHeartbeat] [driver-heartbeat] [bytes-read=0,bytes-written=0,total-streams-created=3,total-streams-succeeded=3]
2025-04-04 11:12:30 1743765150.833554 [message] [tgen-driver.c:254] [_tgendriver_onHeartbeat] [driver-heartbeat] [bytes-read=0,bytes-written=0,total-streams-created=3,total-streams-succeeded=3]
2025-04-04 11:12:33 1743765153.833557 [message] [tgen-driver.c:254] [_tgendriver_onHeartbeat] [driver-heartbeat] [bytes-read=0,bytes-written=0,total-streams-created=3,total-streams-succeeded=3]
2025-04-04 11:12:36 1743765156.833421 [message] [tgen-driver.c:254] [_tgendriver_onHeartbeat] [driver-heartbeat] [bytes-read=0,bytes-written=0,total-streams-created=3,total-streams-succeeded=3]
2025-04-04 11:12:39 1743765159.833292 [message] [tgen-driver.c:254] [_tgendriver_onHeartbeat] [driver-heartbeat] [bytes-read=0,bytes-written=0,total-streams-created=3,total-streams-succeeded=3]
2025-04-04 11:12:42 1743765162.833421 [message] [tgen-driver.c:254] [_tgendriver_onHeartbeat] [driver-heartbeat] [bytes-read=0,bytes-written=0,total-streams-created=3,total-streams-succeeded=3]
2025-04-04 11:12:45 1743765165.833457 [message] [tgen-driver.c:254] [_tgendriver_onHeartbeat] [driver-heartbeat] [bytes-read=0,bytes-written=0,total-streams-created=3,total-streams-succeeded=3]
2025-04-04 11:12:48 1743765168.833718 [message] [tgen-driver.c:254] [_tgendriver_onHeartbeat] [driver-heartbeat] [bytes-read=0,bytes-written=0,total-streams-created=3,total-streams-succeeded=3]
2025-04-04 11:12:51 1743765171.833918 [message] [tgen-driver.c:254] [_tgendriver_onHeartbeat] [driver-heartbeat] [bytes-read=0,bytes-written=0,total-streams-created=3,total-streams-succeeded=3]
2025-04-04 11:12:54 1743765174.833690 [message] [tgen-driver.c:254] [_tgendriver_onHeartbeat] [driver-heartbeat] [bytes-read=0,bytes-written=0,total-streams-created=3,total-streams-succeeded=3]
2025-04-04 11:12:57 1743765177.833718 [message] [tgen-driver.c:254] [_tgendriver_onHeartbeat] [driver-heartbeat] [bytes-read=0,bytes-written=0,total-streams-created=3,total-streams-succeeded=3]
2025-04-04 11:13:00 1743765180.833747 [message] [tgen-driver.c:254] [_tgendriver_onHeartbeat] [driver-heartbeat] [bytes-read=0,bytes-written=0,total-streams-created=3,total-streams-succeeded=3]
2025-04-04 11:13:03 1743765183.833717 [message] [tgen-driver.c:254] [_tgendriver_onHeartbeat] [driver-heartbeat] [bytes-read=0,bytes-written=0,total-streams-created=3,total-streams-succeeded=3]
2025-04-04 11:13:06 1743765186.833744 [message] [tgen-driver.c:254] [_tgendriver_onHeartbeat] [driver-heartbeat] [bytes-read=0,bytes-written=0,total-streams-created=3,total-streams-succeeded=3]
2025-04-04 11:13:09 1743765189.833787 [message] [tgen-driver.c:254] [_tgendriver_onHeartbeat] [driver-heartbeat] [bytes-read=0,bytes-written=0,total-streams-created=3,total-streams-succeeded=3]
2025-04-04 11:13:12 1743765192.833761 [message] [tgen-driver.c:254] [_tgendriver_onHeartbeat] [driver-heartbeat] [bytes-read=0,bytes-written=0,total-streams-created=3,total-streams-succeeded=3]
2025-04-04 11:13:15 1743765195.833890 [message] [tgen-driver.c:254] [_tgendriver_onHeartbeat] [driver-heartbeat] [bytes-read=0,bytes-written=0,total-streams-created=3,total-streams-succeeded=3]
2025-04-04 11:13:18 1743765198.834285 [message] [tgen-driver.c:254] [_tgendriver_onHeartbeat] [driver-heartbeat] [bytes-read=0,bytes-written=0,total-streams-created=3,total-streams-succeeded=3]
2025-04-04 11:13:21 1743765201.834454 [message] [tgen-driver.c:254] [_tgendriver_onHeartbeat] [driver-heartbeat] [bytes-read=0,bytes-written=0,total-streams-created=3,total-streams-succeeded=3]
2025-04-04 11:13:24 1743765204.834253 [message] [tgen-driver.c:254] [_tgendriver_onHeartbeat] [driver-heartbeat] [bytes-read=0,bytes-written=0,total-streams-created=3,total-streams-succeeded=3]
2025-04-04 11:13:27 1743765207.834163 [message] [tgen-driver.c:254] [_tgendriver_onHeartbeat] [driver-heartbeat] [bytes-read=0,bytes-written=0,total-streams-created=3,total-streams-succeeded=3]
2025-04-04 11:13:30 1743765210.834237 [message] [tgen-driver.c:254] [_tgendriver_onHeartbeat] [driver-heartbeat] [bytes-read=0,bytes-written=0,total-streams-created=3,total-streams-succeeded=3]
2025-04-04 11:13:33 1743765213.834361 [message] [tgen-driver.c:254] [_tgendriver_onHeartbeat] [driver-heartbeat] [bytes-read=0,bytes-written=0,total-streams-created=3,total-streams-succeeded=3]
2025-04-04 11:13:36 1743765216.834312 [message] [tgen-driver.c:254] [_tgendriver_onHeartbeat] [driver-heartbeat] [bytes-read=0,bytes-written=0,total-streams-created=3,total-streams-succeeded=3]
2025-04-04 11:13:39 1743765219.834190 [message] [tgen-driver.c:254] [_tgendriver_onHeartbeat] [driver-heartbeat] [bytes-read=0,bytes-written=0,total-streams-created=3,total-streams-succeeded=3]
2025-04-04 11:13:42 1743765222.834402 [message] [tgen-driver.c:254] [_tgendriver_onHeartbeat] [driver-heartbeat] [bytes-read=0,bytes-written=0,total-streams-created=3,total-streams-succeeded=3]
2025-04-04 11:13:45 1743765225.834420 [message] [tgen-driver.c:254] [_tgendriver_onHeartbeat] [driver-heartbeat] [bytes-read=0,bytes-written=0,total-streams-created=3,total-streams-succeeded=3]
2025-04-04 11:13:48 1743765228.834844 [message] [tgen-driver.c:254] [_tgendriver_onHeartbeat] [driver-heartbeat] [bytes-read=0,bytes-written=0,total-streams-created=3,total-streams-succeeded=3]
2025-04-04 11:13:51 1743765231.834573 [message] [tgen-driver.c:254] [_tgendriver_onHeartbeat] [driver-heartbeat] [bytes-read=0,bytes-written=0,total-streams-created=3,total-streams-succeeded=3]
2025-04-04 11:13:54 1743765234.834560 [message] [tgen-driver.c:254] [_tgendriver_onHeartbeat] [driver-heartbeat] [bytes-read=0,bytes-written=0,total-streams-created=3,total-streams-succeeded=3]
2025-04-04 11:13:57 1743765237.834670 [message] [tgen-driver.c:254] [_tgendriver_onHeartbeat] [driver-heartbeat] [bytes-read=0,bytes-written=0,total-streams-created=3,total-streams-succeeded=3]
2025-04-04 11:14:00 1743765240.834570 [message] [tgen-driver.c:254] [_tgendriver_onHeartbeat] [driver-heartbeat] [bytes-read=0,bytes-written=0,total-streams-created=3,total-streams-succeeded=3]
2025-04-04 11:14:03 1743765243.836392 [message] [tgen-driver.c:254] [_tgendriver_onHeartbeat] [driver-heartbeat] [bytes-read=0,bytes-written=0,total-streams-created=3,total-streams-succeeded=3]
2025-04-04 11:14:06 1743765246.834632 [message] [tgen-driver.c:254] [_tgendriver_onHeartbeat] [driver-heartbeat] [bytes-read=0,bytes-written=0,total-streams-created=3,total-streams-succeeded=3]
2025-04-04 11:14:09 1743765249.834580 [message] [tgen-driver.c:254] [_tgendriver_onHeartbeat] [driver-heartbeat] [bytes-read=0,bytes-written=0,total-streams-created=3,total-streams-succeeded=3]
2025-04-04 11:14:12 1743765252.834582 [message] [tgen-driver.c:254] [_tgendriver_onHeartbeat] [driver-heartbeat] [bytes-read=0,bytes-written=0,total-streams-created=3,total-streams-succeeded=3]
2025-04-04 11:14:15 1743765255.834574 [message] [tgen-driver.c:254] [_tgendriver_onHeartbeat] [driver-heartbeat] [bytes-read=0,bytes-written=0,total-streams-created=3,total-streams-succeeded=3]
2025-04-04 11:14:18 1743765258.834956 [message] [tgen-driver.c:254] [_tgendriver_onHeartbeat] [driver-heartbeat] [bytes-read=0,bytes-written=0,total-streams-created=3,total-streams-succeeded=3]
2025-04-04 11:14:21 1743765261.834923 [message] [tgen-driver.c:254] [_tgendriver_onHeartbeat] [driver-heartbeat] [bytes-read=0,bytes-written=0,total-streams-created=3,total-streams-succeeded=3]
2025-04-04 11:14:24 1743765264.834947 [message] [tgen-driver.c:254] [_tgendriver_onHeartbeat] [driver-heartbeat] [bytes-read=0,bytes-written=0,total-streams-created=3,total-streams-succeeded=3]
2025-04-04 11:14:27 1743765267.834941 [message] [tgen-driver.c:254] [_tgendriver_onHeartbeat] [driver-heartbeat] [bytes-read=0,bytes-written=0,total-streams-created=3,total-streams-succeeded=3]
2025-04-04 11:14:30 1743765270.835087 [message] [tgen-driver.c:254] [_tgendriver_onHeartbeat] [driver-heartbeat] [bytes-read=0,bytes-written=0,total-streams-created=3,total-streams-succeeded=3]
2025-04-04 11:14:33 1743765273.835061 [message] [tgen-driver.c:254] [_tgendriver_onHeartbeat] [driver-heartbeat] [bytes-read=0,bytes-written=0,total-streams-created=3,total-streams-succeeded=3]
2025-04-04 11:14:36 1743765276.834949 [message] [tgen-driver.c:254] [_tgendriver_onHeartbeat] [driver-heartbeat] [bytes-read=0,bytes-written=0,total-streams-created=3,total-streams-succeeded=3]
2025-04-04 11:14:39 1743765279.835248 [message] [tgen-driver.c:254] [_tgendriver_onHeartbeat] [driver-heartbeat] [bytes-read=0,bytes-written=0,total-streams-created=3,total-streams-succeeded=3]
2025-04-04 11:14:42 1743765282.835132 [message] [tgen-driver.c:254] [_tgendriver_onHeartbeat] [driver-heartbeat] [bytes-read=0,bytes-written=0,total-streams-created=3,total-streams-succeeded=3]
2025-04-04 11:14:45 1743765285.835165 [message] [tgen-driver.c:254] [_tgendriver_onHeartbeat] [driver-heartbeat] [bytes-read=0,bytes-written=0,total-streams-created=3,total-streams-succeeded=3]
2025-04-04 11:14:48 1743765288.835613 [message] [tgen-driver.c:254] [_tgendriver_onHeartbeat] [driver-heartbeat] [bytes-read=0,bytes-written=0,total-streams-created=3,total-streams-succeeded=3]
2025-04-04 11:14:51 1743765291.835608 [message] [tgen-driver.c:254] [_tgendriver_onHeartbeat] [driver-heartbeat] [bytes-read=0,bytes-written=0,total-streams-created=3,total-streams-succeeded=3]
2025-04-04 11:14:54 1743765294.835628 [message] [tgen-driver.c:254] [_tgendriver_onHeartbeat] [driver-heartbeat] [bytes-read=0,bytes-written=0,total-streams-created=3,total-streams-succeeded=3]
2025-04-04 11:14:57 1743765297.835604 [message] [tgen-driver.c:254] [_tgendriver_onHeartbeat] [driver-heartbeat] [bytes-read=0,bytes-written=0,total-streams-created=3,total-streams-succeeded=3]
2025-04-04 11:15:00 1743765300.835647 [message] [tgen-driver.c:254] [_tgendriver_onHeartbeat] [driver-heartbeat] [bytes-read=0,bytes-written=0,total-streams-created=3,total-streams-succeeded=3]
2025-04-04 11:15:03 1743765303.835550 [message] [tgen-driver.c:254] [_tgendriver_onHeartbeat] [driver-heartbeat] [bytes-read=0,bytes-written=0,total-streams-created=3,total-streams-succeeded=3]
2025-04-04 11:15:06 1743765306.835571 [message] [tgen-driver.c:254] [_tgendriver_onHeartbeat] [driver-heartbeat] [bytes-read=0,bytes-written=0,total-streams-created=3,total-streams-succeeded=3]
2025-04-04 11:15:09 1743765309.835496 [message] [tgen-driver.c:254] [_tgendriver_onHeartbeat] [driver-heartbeat] [bytes-read=0,bytes-written=0,total-streams-created=3,total-streams-succeeded=3]
2025-04-04 11:15:12 1743765312.835461 [message] [tgen-driver.c:254] [_tgendriver_onHeartbeat] [driver-heartbeat] [bytes-read=0,bytes-written=0,total-streams-created=3,total-streams-succeeded=3]
2025-04-04 11:15:15 1743765315.835383 [message] [tgen-driver.c:254] [_tgendriver_onHeartbeat] [driver-heartbeat] [bytes-read=0,bytes-written=0,total-streams-created=3,total-streams-succeeded=3]
2025-04-04 11:15:18 1743765318.835817 [message] [tgen-driver.c:254] [_tgendriver_onHeartbeat] [driver-heartbeat] [bytes-read=0,bytes-written=0,total-streams-created=3,total-streams-succeeded=3]
2025-04-04 11:15:21 1743765321.835760 [message] [tgen-driver.c:254] [_tgendriver_onHeartbeat] [driver-heartbeat] [bytes-read=0,bytes-written=0,total-streams-created=3,total-streams-succeeded=3]
2025-04-04 11:15:24 1743765324.835967 [message] [tgen-driver.c:254] [_tgendriver_onHeartbeat] [driver-heartbeat] [bytes-read=0,bytes-written=0,total-streams-created=3,total-streams-succeeded=3]
2025-04-04 11:15:27 1743765327.835765 [message] [tgen-driver.c:254] [_tgendriver_onHeartbeat] [driver-heartbeat] [bytes-read=0,bytes-written=0,total-streams-created=3,total-streams-succeeded=3]
2025-04-04 11:15:30 1743765330.835858 [message] [tgen-driver.c:254] [_tgendriver_onHeartbeat] [driver-heartbeat] [bytes-read=0,bytes-written=0,total-streams-created=3,total-streams-succeeded=3]
2025-04-04 11:15:33 1743765333.835779 [message] [tgen-driver.c:254] [_tgendriver_onHeartbeat] [driver-heartbeat] [bytes-read=0,bytes-written=0,total-streams-created=3,total-streams-succeeded=3]
2025-04-04 11:15:36 1743765336.835955 [message] [tgen-driver.c:254] [_tgendriver_onHeartbeat] [driver-heartbeat] [bytes-read=0,bytes-written=0,total-streams-created=3,total-streams-succeeded=3]
2025-04-04 11:15:39 1743765339.836316 [message] [tgen-driver.c:254] [_tgendriver_onHeartbeat] [driver-heartbeat] [bytes-read=0,bytes-written=0,total-streams-created=3,total-streams-succeeded=3]
2025-04-04 11:15:42 1743765342.836042 [message] [tgen-driver.c:254] [_tgendriver_onHeartbeat] [driver-heartbeat] [bytes-read=0,bytes-written=0,total-streams-created=3,total-streams-succeeded=3]
2025-04-04 11:15:45 1743765345.835805 [message] [tgen-driver.c:254] [_tgendriver_onHeartbeat] [driver-heartbeat] [bytes-read=0,bytes-written=0,total-streams-created=3,total-streams-succeeded=3]
2025-04-04 11:15:48 1743765348.836263 [message] [tgen-driver.c:254] [_tgendriver_onHeartbeat] [driver-heartbeat] [bytes-read=0,bytes-written=0,total-streams-created=3,total-streams-succeeded=3]
2025-04-04 11:15:51 1743765351.836221 [message] [tgen-driver.c:254] [_tgendriver_onHeartbeat] [driver-heartbeat] [bytes-read=0,bytes-written=0,total-streams-created=3,total-streams-succeeded=3]
2025-04-04 11:15:54 1743765354.836204 [message] [tgen-driver.c:254] [_tgendriver_onHeartbeat] [driver-heartbeat] [bytes-read=0,bytes-written=0,total-streams-created=3,total-streams-succeeded=3]
2025-04-04 11:15:57 1743765357.836184 [message] [tgen-driver.c:254] [_tgendriver_onHeartbeat] [driver-heartbeat] [bytes-read=0,bytes-written=0,total-streams-created=3,total-streams-succeeded=3]
2025-04-04 11:16:00 1743765360.836417 [message] [tgen-driver.c:254] [_tgendriver_onHeartbeat] [driver-heartbeat] [bytes-read=0,bytes-written=0,total-streams-created=3,total-streams-succeeded=3]
2025-04-04 11:16:03 1743765363.836247 [message] [tgen-driver.c:254] [_tgendriver_onHeartbeat] [driver-heartbeat] [bytes-read=0,bytes-written=0,total-streams-created=3,total-streams-succeeded=3]
2025-04-04 11:16:06 1743765366.836496 [message] [tgen-driver.c:254] [_tgendriver_onHeartbeat] [driver-heartbeat] [bytes-read=0,bytes-written=0,total-streams-created=3,total-streams-succeeded=3]
2025-04-04 11:16:09 1743765369.836261 [message] [tgen-driver.c:254] [_tgendriver_onHeartbeat] [driver-heartbeat] [bytes-read=0,bytes-written=0,total-streams-created=3,total-streams-succeeded=3]
2025-04-04 11:16:12 1743765372.836383 [message] [tgen-driver.c:254] [_tgendriver_onHeartbeat] [driver-heartbeat] [bytes-read=0,bytes-written=0,total-streams-created=3,total-streams-succeeded=3]
2025-04-04 11:16:15 1743765375.836388 [message] [tgen-driver.c:254] [_tgendriver_onHeartbeat] [driver-heartbeat] [bytes-read=0,bytes-written=0,total-streams-created=3,total-streams-succeeded=3]
2025-04-04 11:16:18 1743765378.836504 [message] [tgen-driver.c:254] [_tgendriver_onHeartbeat] [driver-heartbeat] [bytes-read=0,bytes-written=0,total-streams-created=3,total-streams-succeeded=3]
2025-04-04 11:16:21 1743765381.836554 [message] [tgen-driver.c:254] [_tgendriver_onHeartbeat] [driver-heartbeat] [bytes-read=0,bytes-written=0,total-streams-created=3,total-streams-succeeded=3]
2025-04-04 11:16:24 1743765384.836462 [message] [tgen-driver.c:254] [_tgendriver_onHeartbeat] [driver-heartbeat] [bytes-read=0,bytes-written=0,total-streams-created=3,total-streams-succeeded=3]
2025-04-04 11:16:27 1743765387.836492 [message] [tgen-driver.c:254] [_tgendriver_onHeartbeat] [driver-heartbeat] [bytes-read=0,bytes-written=0,total-streams-created=3,total-streams-succeeded=3]
2025-04-04 11:16:30 1743765390.836496 [message] [tgen-driver.c:254] [_tgendriver_onHeartbeat] [driver-heartbeat] [bytes-read=0,bytes-written=0,total-streams-created=3,total-streams-succeeded=3]
2025-04-04 11:16:33 1743765393.836501 [message] [tgen-driver.c:254] [_tgendriver_onHeartbeat] [driver-heartbeat] [bytes-read=0,bytes-written=0,total-streams-created=3,total-streams-succeeded=3]
2025-04-04 11:16:36 1743765396.836633 [message] [tgen-driver.c:254] [_tgendriver_onHeartbeat] [driver-heartbeat] [bytes-read=0,bytes-written=0,total-streams-created=3,total-streams-succeeded=3]
2025-04-04 11:16:39 1743765399.836472 [message] [tgen-driver.c:254] [_tgendriver_onHeartbeat] [driver-heartbeat] [bytes-read=0,bytes-written=0,total-streams-created=3,total-streams-succeeded=3]
2025-04-04 11:16:42 1743765402.836462 [message] [tgen-driver.c:254] [_tgendriver_onHeartbeat] [driver-heartbeat] [bytes-read=0,bytes-written=0,total-streams-created=3,total-streams-succeeded=3]
2025-04-04 11:16:45 1743765405.836565 [message] [tgen-driver.c:254] [_tgendriver_onHeartbeat] [driver-heartbeat] [bytes-read=0,bytes-written=0,total-streams-created=3,total-streams-succeeded=3]
2025-04-04 11:16:48 1743765408.837139 [message] [tgen-driver.c:254] [_tgendriver_onHeartbeat] [driver-heartbeat] [bytes-read=0,bytes-written=0,total-streams-created=3,total-streams-succeeded=3]
2025-04-04 11:16:51 1743765411.837204 [message] [tgen-driver.c:254] [_tgendriver_onHeartbeat] [driver-heartbeat] [bytes-read=0,bytes-written=0,total-streams-created=3,total-streams-succeeded=3]
2025-04-04 11:16:54 1743765414.837046 [message] [tgen-driver.c:254] [_tgendriver_onHeartbeat] [driver-heartbeat] [bytes-read=0,bytes-written=0,total-streams-created=3,total-streams-succeeded=3]
2025-04-04 11:16:57 1743765417.836929 [message] [tgen-driver.c:254] [_tgendriver_onHeartbeat] [driver-heartbeat] [bytes-read=0,bytes-written=0,total-streams-created=3,total-streams-succeeded=3]
2025-04-04 11:17:00 1743765420.837190 [message] [tgen-driver.c:254] [_tgendriver_onHeartbeat] [driver-heartbeat] [bytes-read=0,bytes-written=0,total-streams-created=3,total-streams-succeeded=3]
2025-04-04 11:17:03 1743765423.837257 [message] [tgen-driver.c:254] [_tgendriver_onHeartbeat] [driver-heartbeat] [bytes-read=0,bytes-written=0,total-streams-created=3,total-streams-succeeded=3]
2025-04-04 11:17:06 1743765426.837248 [message] [tgen-driver.c:254] [_tgendriver_onHeartbeat] [driver-heartbeat] [bytes-read=0,bytes-written=0,total-streams-created=3,total-streams-succeeded=3]
2025-04-04 11:17:09 1743765429.837237 [message] [tgen-driver.c:254] [_tgendriver_onHeartbeat] [driver-heartbeat] [bytes-read=0,bytes-written=0,total-streams-created=3,total-streams-succeeded=3]
2025-04-04 11:17:12 1743765432.837289 [message] [tgen-driver.c:254] [_tgendriver_onHeartbeat] [driver-heartbeat] [bytes-read=0,bytes-written=0,total-streams-created=3,total-streams-succeeded=3]
2025-04-04 11:17:15 1743765435.837333 [message] [tgen-driver.c:254] [_tgendriver_onHeartbeat] [driver-heartbeat] [bytes-read=0,bytes-written=0,total-streams-created=3,total-streams-succeeded=3]
2025-04-04 11:17:18 1743765438.837711 [message] [tgen-driver.c:254] [_tgendriver_onHeartbeat] [driver-heartbeat] [bytes-read=0,bytes-written=0,total-streams-created=3,total-streams-succeeded=3]
2025-04-04 11:17:21 1743765441.837710 [message] [tgen-driver.c:254] [_tgendriver_onHeartbeat] [driver-heartbeat] [bytes-read=0,bytes-written=0,total-streams-created=3,total-streams-succeeded=3]
2025-04-04 11:17:24 1743765444.837673 [message] [tgen-driver.c:254] [_tgendriver_onHeartbeat] [driver-heartbeat] [bytes-read=0,bytes-written=0,total-streams-created=3,total-streams-succeeded=3]
2025-04-04 11:17:27 1743765447.837688 [message] [tgen-driver.c:254] [_tgendriver_onHeartbeat] [driver-heartbeat] [bytes-read=0,bytes-written=0,total-streams-created=3,total-streams-succeeded=3]
2025-04-04 11:17:30 1743765450.837523 [message] [tgen-driver.c:254] [_tgendriver_onHeartbeat] [driver-heartbeat] [bytes-read=0,bytes-written=0,total-streams-created=3,total-streams-succeeded=3]
2025-04-04 11:17:33 1743765453.837436 [message] [tgen-driver.c:254] [_tgendriver_onHeartbeat] [driver-heartbeat] [bytes-read=0,bytes-written=0,total-streams-created=3,total-streams-succeeded=3]
2025-04-04 11:17:36 1743765456.837584 [message] [tgen-driver.c:254] [_tgendriver_onHeartbeat] [driver-heartbeat] [bytes-read=0,bytes-written=0,total-streams-created=3,total-streams-succeeded=3]
2025-04-04 11:17:39 1743765459.837519 [message] [tgen-driver.c:254] [_tgendriver_onHeartbeat] [driver-heartbeat] [bytes-read=0,bytes-written=0,total-streams-created=3,total-streams-succeeded=3]
2025-04-04 11:17:42 1743765462.837469 [message] [tgen-driver.c:254] [_tgendriver_onHeartbeat] [driver-heartbeat] [bytes-read=0,bytes-written=0,total-streams-created=3,total-streams-succeeded=3]
2025-04-04 11:17:45 1743765465.837498 [message] [tgen-driver.c:254] [_tgendriver_onHeartbeat] [driver-heartbeat] [bytes-read=0,bytes-written=0,total-streams-created=3,total-streams-succeeded=3]
2025-04-04 11:17:48 1743765468.837878 [message] [tgen-driver.c:254] [_tgendriver_onHeartbeat] [driver-heartbeat] [bytes-read=0,bytes-written=0,total-streams-created=3,total-streams-succeeded=3]
2025-04-04 11:17:51 1743765471.838083 [message] [tgen-driver.c:254] [_tgendriver_onHeartbeat] [driver-heartbeat] [bytes-read=0,bytes-written=0,total-streams-created=3,total-streams-succeeded=3]
2025-04-04 11:17:54 1743765474.838053 [message] [tgen-driver.c:254] [_tgendriver_onHeartbeat] [driver-heartbeat] [bytes-read=0,bytes-written=0,total-streams-created=3,total-streams-succeeded=3]
2025-04-04 11:17:57 1743765477.837819 [message] [tgen-driver.c:254] [_tgendriver_onHeartbeat] [driver-heartbeat] [bytes-read=0,bytes-written=0,total-streams-created=3,total-streams-succeeded=3]
2025-04-04 11:18:00 1743765480.837918 [message] [tgen-driver.c:254] [_tgendriver_onHeartbeat] [driver-heartbeat] [bytes-read=0,bytes-written=0,total-streams-created=3,total-streams-succeeded=3]
2025-04-04 11:18:03 1743765483.837907 [message] [tgen-driver.c:254] [_tgendriver_onHeartbeat] [driver-heartbeat] [bytes-read=0,bytes-written=0,total-streams-created=3,total-streams-succeeded=3]
2025-04-04 11:18:06 1743765486.837971 [message] [tgen-driver.c:254] [_tgendriver_onHeartbeat] [driver-heartbeat] [bytes-read=0,bytes-written=0,total-streams-created=3,total-streams-succeeded=3]
2025-04-04 11:18:09 1743765489.838078 [message] [tgen-driver.c:254] [_tgendriver_onHeartbeat] [driver-heartbeat] [bytes-read=0,bytes-written=0,total-streams-created=3,total-streams-succeeded=3]
2025-04-04 11:18:12 1743765492.838145 [message] [tgen-driver.c:254] [_tgendriver_onHeartbeat] [driver-heartbeat] [bytes-read=0,bytes-written=0,total-streams-created=3,total-streams-succeeded=3]
2025-04-04 11:18:15 1743765495.837879 [message] [tgen-driver.c:254] [_tgendriver_onHeartbeat] [driver-heartbeat] [bytes-read=0,bytes-written=0,total-streams-created=3,total-streams-succeeded=3]
2025-04-04 11:18:18 1743765498.838473 [message] [tgen-driver.c:254] [_tgendriver_onHeartbeat] [driver-heartbeat] [bytes-read=0,bytes-written=0,total-streams-created=3,total-streams-succeeded=3]
2025-04-04 11:18:21 1743765501.838300 [message] [tgen-driver.c:254] [_tgendriver_onHeartbeat] [driver-heartbeat] [bytes-read=0,bytes-written=0,total-streams-created=3,total-streams-succeeded=3]
2025-04-04 11:18:24 1743765504.838454 [message] [tgen-driver.c:254] [_tgendriver_onHeartbeat] [driver-heartbeat] [bytes-read=0,bytes-written=0,total-streams-created=3,total-streams-succeeded=3]
2025-04-04 11:18:27 1743765507.838310 [message] [tgen-driver.c:254] [_tgendriver_onHeartbeat] [driver-heartbeat] [bytes-read=0,bytes-written=0,total-streams-created=3,total-streams-succeeded=3]
2025-04-04 11:18:30 1743765510.838296 [message] [tgen-driver.c:254] [_tgendriver_onHeartbeat] [driver-heartbeat] [bytes-read=0,bytes-written=0,total-streams-created=3,total-streams-succeeded=3]
2025-04-04 11:18:33 1743765513.838308 [message] [tgen-driver.c:254] [_tgendriver_onHeartbeat] [driver-heartbeat] [bytes-read=0,bytes-written=0,total-streams-created=3,total-streams-succeeded=3]
2025-04-04 11:18:36 1743765516.838527 [message] [tgen-driver.c:254] [_tgendriver_onHeartbeat] [driver-heartbeat] [bytes-read=0,bytes-written=0,total-streams-created=3,total-streams-succeeded=3]
2025-04-04 11:18:39 1743765519.838470 [message] [tgen-driver.c:254] [_tgendriver_onHeartbeat] [driver-heartbeat] [bytes-read=0,bytes-written=0,total-streams-created=3,total-streams-succeeded=3]
2025-04-04 11:18:42 1743765522.838458 [message] [tgen-driver.c:254] [_tgendriver_onHeartbeat] [driver-heartbeat] [bytes-read=0,bytes-written=0,total-streams-created=3,total-streams-succeeded=3]
2025-04-04 11:18:45 1743765525.838285 [message] [tgen-driver.c:254] [_tgendriver_onHeartbeat] [driver-heartbeat] [bytes-read=0,bytes-written=0,total-streams-created=3,total-streams-succeeded=3]
2025-04-04 11:18:48 1743765528.838745 [message] [tgen-driver.c:254] [_tgendriver_onHeartbeat] [driver-heartbeat] [bytes-read=0,bytes-written=0,total-streams-created=3,total-streams-succeeded=3]
2025-04-04 11:18:51 1743765531.838730 [message] [tgen-driver.c:254] [_tgendriver_onHeartbeat] [driver-heartbeat] [bytes-read=0,bytes-written=0,total-streams-created=3,total-streams-succeeded=3]
2025-04-04 11:18:54 1743765534.838751 [message] [tgen-driver.c:254] [_tgendriver_onHeartbeat] [driver-heartbeat] [bytes-read=0,bytes-written=0,total-streams-created=3,total-streams-succeeded=3]
2025-04-04 11:18:57 1743765537.838764 [message] [tgen-driver.c:254] [_tgendriver_onHeartbeat] [driver-heartbeat] [bytes-read=0,bytes-written=0,total-streams-created=3,total-streams-succeeded=3]
2025-04-04 11:19:00 1743765540.838760 [message] [tgen-driver.c:254] [_tgendriver_onHeartbeat] [driver-heartbeat] [bytes-read=0,bytes-written=0,total-streams-created=3,total-streams-succeeded=3]
2025-04-04 11:19:03 1743765543.838721 [message] [tgen-driver.c:254] [_tgendriver_onHeartbeat] [driver-heartbeat] [bytes-read=0,bytes-written=0,total-streams-created=3,total-streams-succeeded=3]
2025-04-04 11:19:06 1743765546.838769 [message] [tgen-driver.c:254] [_tgendriver_onHeartbeat] [driver-heartbeat] [bytes-read=0,bytes-written=0,total-streams-created=3,total-streams-succeeded=3]
2025-04-04 11:19:09 1743765549.838752 [message] [tgen-driver.c:254] [_tgendriver_onHeartbeat] [driver-heartbeat] [bytes-read=0,bytes-written=0,total-streams-created=3,total-streams-succeeded=3]
2025-04-04 11:19:12 1743765552.838722 [message] [tgen-driver.c:254] [_tgendriver_onHeartbeat] [driver-heartbeat] [bytes-read=0,bytes-written=0,total-streams-created=3,total-streams-succeeded=3]
2025-04-04 11:19:15 1743765555.838872 [message] [tgen-driver.c:254] [_tgendriver_onHeartbeat] [driver-heartbeat] [bytes-read=0,bytes-written=0,total-streams-created=3,total-streams-succeeded=3]
2025-04-04 11:19:18 1743765558.839190 [message] [tgen-driver.c:254] [_tgendriver_onHeartbeat] [driver-heartbeat] [bytes-read=0,bytes-written=0,total-streams-created=3,total-streams-succeeded=3]
2025-04-04 11:19:21 1743765561.839227 [message] [tgen-driver.c:254] [_tgendriver_onHeartbeat] [driver-heartbeat] [bytes-read=0,bytes-written=0,total-streams-created=3,total-streams-succeeded=3]
2025-04-04 11:19:24 1743765564.839444 [message] [tgen-driver.c:254] [_tgendriver_onHeartbeat] [driver-heartbeat] [bytes-read=0,bytes-written=0,total-streams-created=3,total-streams-succeeded=3]
2025-04-04 11:19:27 1743765567.839435 [message] [tgen-driver.c:254] [_tgendriver_onHeartbeat] [driver-heartbeat] [bytes-read=0,bytes-written=0,total-streams-created=3,total-streams-succeeded=3]
2025-04-04 11:19:30 1743765570.839345 [message] [tgen-driver.c:254] [_tgendriver_onHeartbeat] [driver-heartbeat] [bytes-read=0,bytes-written=0,total-streams-created=3,total-streams-succeeded=3]
2025-04-04 11:19:33 1743765573.839451 [message] [tgen-driver.c:254] [_tgendriver_onHeartbeat] [driver-heartbeat] [bytes-read=0,bytes-written=0,total-streams-created=3,total-streams-succeeded=3]
2025-04-04 11:19:36 1743765576.839285 [message] [tgen-driver.c:254] [_tgendriver_onHeartbeat] [driver-heartbeat] [bytes-read=0,bytes-written=0,total-streams-created=3,total-streams-succeeded=3]
2025-04-04 11:19:39 1743765579.839233 [message] [tgen-driver.c:254] [_tgendriver_onHeartbeat] [driver-heartbeat] [bytes-read=0,bytes-written=0,total-streams-created=3,total-streams-succeeded=3]
2025-04-04 11:19:42 1743765582.839418 [message] [tgen-driver.c:254] [_tgendriver_onHeartbeat] [driver-heartbeat] [bytes-read=0,bytes-written=0,total-streams-created=3,total-streams-succeeded=3]
2025-04-04 11:19:45 1743765585.839414 [message] [tgen-driver.c:254] [_tgendriver_onHeartbeat] [driver-heartbeat] [bytes-read=0,bytes-written=0,total-streams-created=3,total-streams-succeeded=3]
2025-04-04 11:19:48 1743765588.839779 [message] [tgen-driver.c:254] [_tgendriver_onHeartbeat] [driver-heartbeat] [bytes-read=0,bytes-written=0,total-streams-created=3,total-streams-succeeded=3]
2025-04-04 11:19:51 1743765591.839571 [message] [tgen-driver.c:254] [_tgendriver_onHeartbeat] [driver-heartbeat] [bytes-read=0,bytes-written=0,total-streams-created=3,total-streams-succeeded=3]
2025-04-04 11:19:54 1743765594.839685 [message] [tgen-driver.c:254] [_tgendriver_onHeartbeat] [driver-heartbeat] [bytes-read=0,bytes-written=0,total-streams-created=3,total-streams-succeeded=3]
2025-04-04 11:19:57 1743765597.839553 [message] [tgen-driver.c:254] [_tgendriver_onHeartbeat] [driver-heartbeat] [bytes-read=0,bytes-written=0,total-streams-created=3,total-streams-succeeded=3]
2025-04-04 11:20:00 1743765600.839518 [message] [tgen-driver.c:254] [_tgendriver_onHeartbeat] [driver-heartbeat] [bytes-read=0,bytes-written=0,total-streams-created=3,total-streams-succeeded=3]
2025-04-04 11:20:03 1743765603.839578 [message] [tgen-driver.c:254] [_tgendriver_onHeartbeat] [driver-heartbeat] [bytes-read=0,bytes-written=0,total-streams-created=3,total-streams-succeeded=3]
2025-04-04 11:20:06 1743765606.839717 [message] [tgen-driver.c:254] [_tgendriver_onHeartbeat] [driver-heartbeat] [bytes-read=0,bytes-written=0,total-streams-created=3,total-streams-succeeded=3]
2025-04-04 11:20:09 1743765609.839577 [message] [tgen-driver.c:254] [_tgendriver_onHeartbeat] [driver-heartbeat] [bytes-read=0,bytes-written=0,total-streams-created=3,total-streams-succeeded=3]
2025-04-04 11:20:12 1743765612.839584 [message] [tgen-driver.c:254] [_tgendriver_onHeartbeat] [driver-heartbeat] [bytes-read=0,bytes-written=0,total-streams-created=3,total-streams-succeeded=3]
2025-04-04 11:20:15 1743765615.839565 [message] [tgen-driver.c:254] [_tgendriver_onHeartbeat] [driver-heartbeat] [bytes-read=0,bytes-written=0,total-streams-created=3,total-streams-succeeded=3]
2025-04-04 11:20:18 1743765618.840002 [message] [tgen-driver.c:254] [_tgendriver_onHeartbeat] [driver-heartbeat] [bytes-read=0,bytes-written=0,total-streams-created=3,total-streams-succeeded=3]
2025-04-04 11:20:21 1743765621.840057 [message] [tgen-driver.c:254] [_tgendriver_onHeartbeat] [driver-heartbeat] [bytes-read=0,bytes-written=0,total-streams-created=3,total-streams-succeeded=3]
2025-04-04 11:20:24 1743765624.839962 [message] [tgen-driver.c:254] [_tgendriver_onHeartbeat] [driver-heartbeat] [bytes-read=0,bytes-written=0,total-streams-created=3,total-streams-succeeded=3]
2025-04-04 11:20:27 1743765627.839957 [message] [tgen-driver.c:254] [_tgendriver_onHeartbeat] [driver-heartbeat] [bytes-read=0,bytes-written=0,total-streams-created=3,total-streams-succeeded=3]
2025-04-04 11:20:30 1743765630.839955 [message] [tgen-driver.c:254] [_tgendriver_onHeartbeat] [driver-heartbeat] [bytes-read=0,bytes-written=0,total-streams-created=3,total-streams-succeeded=3]
2025-04-04 11:20:33 1743765633.840179 [message] [tgen-driver.c:254] [_tgendriver_onHeartbeat] [driver-heartbeat] [bytes-read=0,bytes-written=0,total-streams-created=3,total-streams-succeeded=3]
2025-04-04 11:20:36 1743765636.840242 [message] [tgen-driver.c:254] [_tgendriver_onHeartbeat] [driver-heartbeat] [bytes-read=0,bytes-written=0,total-streams-created=3,total-streams-succeeded=3]
2025-04-04 11:20:39 1743765639.840218 [message] [tgen-driver.c:254] [_tgendriver_onHeartbeat] [driver-heartbeat] [bytes-read=0,bytes-written=0,total-streams-created=3,total-streams-succeeded=3]
2025-04-04 11:20:42 1743765642.840218 [message] [tgen-driver.c:254] [_tgendriver_onHeartbeat] [driver-heartbeat] [bytes-read=0,bytes-written=0,total-streams-created=3,total-streams-succeeded=3]
2025-04-04 11:20:45 1743765645.840019 [message] [tgen-driver.c:254] [_tgendriver_onHeartbeat] [driver-heartbeat] [bytes-read=0,bytes-written=0,total-streams-created=3,total-streams-succeeded=3]
2025-04-04 11:20:48 1743765648.840653 [message] [tgen-driver.c:254] [_tgendriver_onHeartbeat] [driver-heartbeat] [bytes-read=0,bytes-written=0,total-streams-created=3,total-streams-succeeded=3]
2025-04-04 11:20:51 1743765651.840390 [message] [tgen-driver.c:254] [_tgendriver_onHeartbeat] [driver-heartbeat] [bytes-read=0,bytes-written=0,total-streams-created=3,total-streams-succeeded=3]
2025-04-04 11:20:54 1743765654.840561 [message] [tgen-driver.c:254] [_tgendriver_onHeartbeat] [driver-heartbeat] [bytes-read=0,bytes-written=0,total-streams-created=3,total-streams-succeeded=3]
2025-04-04 11:20:57 1743765657.840621 [message] [tgen-driver.c:254] [_tgendriver_onHeartbeat] [driver-heartbeat] [bytes-read=0,bytes-written=0,total-streams-created=3,total-streams-succeeded=3]
2025-04-04 11:21:00 1743765660.840392 [message] [tgen-driver.c:254] [_tgendriver_onHeartbeat] [driver-heartbeat] [bytes-read=0,bytes-written=0,total-streams-created=3,total-streams-succeeded=3]
2025-04-04 11:21:03 1743765663.840586 [message] [tgen-driver.c:254] [_tgendriver_onHeartbeat] [driver-heartbeat] [bytes-read=0,bytes-written=0,total-streams-created=3,total-streams-succeeded=3]
2025-04-04 11:21:06 1743765666.840384 [message] [tgen-driver.c:254] [_tgendriver_onHeartbeat] [driver-heartbeat] [bytes-read=0,bytes-written=0,total-streams-created=3,total-streams-succeeded=3]
2025-04-04 11:21:09 1743765669.840498 [message] [tgen-driver.c:254] [_tgendriver_onHeartbeat] [driver-heartbeat] [bytes-read=0,bytes-written=0,total-streams-created=3,total-streams-succeeded=3]
2025-04-04 11:21:12 1743765672.840451 [message] [tgen-driver.c:254] [_tgendriver_onHeartbeat] [driver-heartbeat] [bytes-read=0,bytes-written=0,total-streams-created=3,total-streams-succeeded=3]
2025-04-04 11:21:15 1743765675.840334 [message] [tgen-driver.c:254] [_tgendriver_onHeartbeat] [driver-heartbeat] [bytes-read=0,bytes-written=0,total-streams-created=3,total-streams-succeeded=3]
2025-04-04 11:21:18 1743765678.840779 [message] [tgen-driver.c:254] [_tgendriver_onHeartbeat] [driver-heartbeat] [bytes-read=0,bytes-written=0,total-streams-created=3,total-streams-succeeded=3]
2025-04-04 11:21:21 1743765681.840749 [message] [tgen-driver.c:254] [_tgendriver_onHeartbeat] [driver-heartbeat] [bytes-read=0,bytes-written=0,total-streams-created=3,total-streams-succeeded=3]
2025-04-04 11:21:24 1743765684.840770 [message] [tgen-driver.c:254] [_tgendriver_onHeartbeat] [driver-heartbeat] [bytes-read=0,bytes-written=0,total-streams-created=3,total-streams-succeeded=3]
2025-04-04 11:21:27 1743765687.840764 [message] [tgen-driver.c:254] [_tgendriver_onHeartbeat] [driver-heartbeat] [bytes-read=0,bytes-written=0,total-streams-created=3,total-streams-succeeded=3]
2025-04-04 11:21:30 1743765690.840706 [message] [tgen-driver.c:254] [_tgendriver_onHeartbeat] [driver-heartbeat] [bytes-read=0,bytes-written=0,total-streams-created=3,total-streams-succeeded=3]
2025-04-04 11:21:33 1743765693.840716 [message] [tgen-driver.c:254] [_tgendriver_onHeartbeat] [driver-heartbeat] [bytes-read=0,bytes-written=0,total-streams-created=3,total-streams-succeeded=3]
2025-04-04 11:21:36 1743765696.840752 [message] [tgen-driver.c:254] [_tgendriver_onHeartbeat] [driver-heartbeat] [bytes-read=0,bytes-written=0,total-streams-created=3,total-streams-succeeded=3]
2025-04-04 11:21:39 1743765699.840917 [message] [tgen-driver.c:254] [_tgendriver_onHeartbeat] [driver-heartbeat] [bytes-read=0,bytes-written=0,total-streams-created=3,total-streams-succeeded=3]
2025-04-04 11:21:42 1743765702.840932 [message] [tgen-driver.c:254] [_tgendriver_onHeartbeat] [driver-heartbeat] [bytes-read=0,bytes-written=0,total-streams-created=3,total-streams-succeeded=3]
2025-04-04 11:21:45 1743765705.840794 [message] [tgen-driver.c:254] [_tgendriver_onHeartbeat] [driver-heartbeat] [bytes-read=0,bytes-written=0,total-streams-created=3,total-streams-succeeded=3]
2025-04-04 11:21:48 1743765708.841234 [message] [tgen-driver.c:254] [_tgendriver_onHeartbeat] [driver-heartbeat] [bytes-read=0,bytes-written=0,total-streams-created=3,total-streams-succeeded=3]
2025-04-04 11:21:51 1743765711.841209 [message] [tgen-driver.c:254] [_tgendriver_onHeartbeat] [driver-heartbeat] [bytes-read=0,bytes-written=0,total-streams-created=3,total-streams-succeeded=3]
2025-04-04 11:21:54 1743765714.841201 [message] [tgen-driver.c:254] [_tgendriver_onHeartbeat] [driver-heartbeat] [bytes-read=0,bytes-written=0,total-streams-created=3,total-streams-succeeded=3]
2025-04-04 11:21:57 1743765717.841344 [message] [tgen-driver.c:254] [_tgendriver_onHeartbeat] [driver-heartbeat] [bytes-read=0,bytes-written=0,total-streams-created=3,total-streams-succeeded=3]
2025-04-04 11:22:00 1743765720.841416 [message] [tgen-driver.c:254] [_tgendriver_onHeartbeat] [driver-heartbeat] [bytes-read=0,bytes-written=0,total-streams-created=3,total-streams-succeeded=3]
2025-04-04 11:22:03 1743765723.841447 [message] [tgen-driver.c:254] [_tgendriver_onHeartbeat] [driver-heartbeat] [bytes-read=0,bytes-written=0,total-streams-created=3,total-streams-succeeded=3]
2025-04-04 11:22:06 1743765726.842343 [message] [tgen-driver.c:254] [_tgendriver_onHeartbeat] [driver-heartbeat] [bytes-read=0,bytes-written=0,total-streams-created=3,total-streams-succeeded=3]
2025-04-04 11:22:09 1743765729.841354 [message] [tgen-driver.c:254] [_tgendriver_onHeartbeat] [driver-heartbeat] [bytes-read=0,bytes-written=0,total-streams-created=3,total-streams-succeeded=3]
2025-04-04 11:22:12 1743765732.841319 [message] [tgen-driver.c:254] [_tgendriver_onHeartbeat] [driver-heartbeat] [bytes-read=0,bytes-written=0,total-streams-created=3,total-streams-succeeded=3]
2025-04-04 11:22:15 1743765735.841175 [message] [tgen-driver.c:254] [_tgendriver_onHeartbeat] [driver-heartbeat] [bytes-read=0,bytes-written=0,total-streams-created=3,total-streams-succeeded=3]
2025-04-04 11:22:18 1743765738.841581 [message] [tgen-driver.c:254] [_tgendriver_onHeartbeat] [driver-heartbeat] [bytes-read=0,bytes-written=0,total-streams-created=3,total-streams-succeeded=3]
2025-04-04 11:22:21 1743765741.841783 [message] [tgen-driver.c:254] [_tgendriver_onHeartbeat] [driver-heartbeat] [bytes-read=0,bytes-written=0,total-streams-created=3,total-streams-succeeded=3]
2025-04-04 11:22:24 1743765744.841418 [message] [tgen-driver.c:254] [_tgendriver_onHeartbeat] [driver-heartbeat] [bytes-read=0,bytes-written=0,total-streams-created=3,total-streams-succeeded=3]
2025-04-04 11:22:27 1743765747.841429 [message] [tgen-driver.c:254] [_tgendriver_onHeartbeat] [driver-heartbeat] [bytes-read=0,bytes-written=0,total-streams-created=3,total-streams-succeeded=3]
2025-04-04 11:22:30 1743765750.841474 [message] [tgen-driver.c:254] [_tgendriver_onHeartbeat] [driver-heartbeat] [bytes-read=0,bytes-written=0,total-streams-created=3,total-streams-succeeded=3]
2025-04-04 11:22:33 1743765753.841444 [message] [tgen-driver.c:254] [_tgendriver_onHeartbeat] [driver-heartbeat] [bytes-read=0,bytes-written=0,total-streams-created=3,total-streams-succeeded=3]
2025-04-04 11:22:36 1743765756.841447 [message] [tgen-driver.c:254] [_tgendriver_onHeartbeat] [driver-heartbeat] [bytes-read=0,bytes-written=0,total-streams-created=3,total-streams-succeeded=3]
2025-04-04 11:22:39 1743765759.841418 [message] [tgen-driver.c:254] [_tgendriver_onHeartbeat] [driver-heartbeat] [bytes-read=0,bytes-written=0,total-streams-created=3,total-streams-succeeded=3]
2025-04-04 11:22:42 1743765762.841438 [message] [tgen-driver.c:254] [_tgendriver_onHeartbeat] [driver-heartbeat] [bytes-read=0,bytes-written=0,total-streams-created=3,total-streams-succeeded=3]
2025-04-04 11:22:45 1743765765.841416 [message] [tgen-driver.c:254] [_tgendriver_onHeartbeat] [driver-heartbeat] [bytes-read=0,bytes-written=0,total-streams-created=3,total-streams-succeeded=3]
2025-04-04 11:22:48 1743765768.842215 [message] [tgen-driver.c:254] [_tgendriver_onHeartbeat] [driver-heartbeat] [bytes-read=0,bytes-written=0,total-streams-created=3,total-streams-succeeded=3]
2025-04-04 11:22:51 1743765771.842079 [message] [tgen-driver.c:254] [_tgendriver_onHeartbeat] [driver-heartbeat] [bytes-read=0,bytes-written=0,total-streams-created=3,total-streams-succeeded=3]
2025-04-04 11:22:54 1743765774.842130 [message] [tgen-driver.c:254] [_tgendriver_onHeartbeat] [driver-heartbeat] [bytes-read=0,bytes-written=0,total-streams-created=3,total-streams-succeeded=3]
2025-04-04 11:22:57 1743765777.842281 [message] [tgen-driver.c:254] [_tgendriver_onHeartbeat] [driver-heartbeat] [bytes-read=0,bytes-written=0,total-streams-created=3,total-streams-succeeded=3]
